Start testing: Feb 12 18:17 GMT
----------------------------------------------------------
1/177 Testing: RingBufferTest.EmptyBufferStats
1/177 Test: RingBufferTest.EmptyBufferStats
Command: "/home/edwab/ws-camera-d/build/tests/camera_daemon_tests" "--gtest_filter=RingBufferTest.EmptyBufferStats" "--gtest_also_run_disabled_tests"
Directory: /home/edwab/ws-camera-d/build/tests
"RingBufferTest.EmptyBufferStats" start time: Feb 12 18:17 GMT
Output:
----------------------------------------------------------
Running main() from ./googletest/src/gtest_main.cc
Note: Google Test filter = RingBufferTest.EmptyBufferStats
[==========] Running 1 test from 1 test suite.
[----------] Global test environment set-up.
[----------] 1 test from RingBufferTest
[ RUN      ] RingBufferTest.EmptyBufferStats
[       OK ] RingBufferTest.EmptyBufferStats (0 ms)
[----------] 1 test from RingBufferTest (0 ms total)

[----------] Global test environment tear-down
[==========] 1 test from 1 test suite ran. (0 ms total)
[  PASSED  ] 1 test.
<end of output>
Test time =   0.05 sec
----------------------------------------------------------
Test Passed.
"RingBufferTest.EmptyBufferStats" end time: Feb 12 18:17 GMT
"RingBufferTest.EmptyBufferStats" time elapsed: 00:00:00
----------------------------------------------------------

2/177 Testing: RingBufferTest.PushSingleFrame
2/177 Test: RingBufferTest.PushSingleFrame
Command: "/home/edwab/ws-camera-d/build/tests/camera_daemon_tests" "--gtest_filter=RingBufferTest.PushSingleFrame" "--gtest_also_run_disabled_tests"
Directory: /home/edwab/ws-camera-d/build/tests
"RingBufferTest.PushSingleFrame" start time: Feb 12 18:17 GMT
Output:
----------------------------------------------------------
Running main() from ./googletest/src/gtest_main.cc
Note: Google Test filter = RingBufferTest.PushSingleFrame
[==========] Running 1 test from 1 test suite.
[----------] Global test environment set-up.
[----------] 1 test from RingBufferTest
[ RUN      ] RingBufferTest.PushSingleFrame
[       OK ] RingBufferTest.PushSingleFrame (0 ms)
[----------] 1 test from RingBufferTest (0 ms total)

[----------] Global test environment tear-down
[==========] 1 test from 1 test suite ran. (0 ms total)
[  PASSED  ] 1 test.
<end of output>
Test time =   0.05 sec
----------------------------------------------------------
Test Passed.
"RingBufferTest.PushSingleFrame" end time: Feb 12 18:17 GMT
"RingBufferTest.PushSingleFrame" time elapsed: 00:00:00
----------------------------------------------------------

3/177 Testing: RingBufferTest.PushMultipleFrames
3/177 Test: RingBufferTest.PushMultipleFrames
Command: "/home/edwab/ws-camera-d/build/tests/camera_daemon_tests" "--gtest_filter=RingBufferTest.PushMultipleFrames" "--gtest_also_run_disabled_tests"
Directory: /home/edwab/ws-camera-d/build/tests
"RingBufferTest.PushMultipleFrames" start time: Feb 12 18:17 GMT
Output:
----------------------------------------------------------
Running main() from ./googletest/src/gtest_main.cc
Note: Google Test filter = RingBufferTest.PushMultipleFrames
[==========] Running 1 test from 1 test suite.
[----------] Global test environment set-up.
[----------] 1 test from RingBufferTest
[ RUN      ] RingBufferTest.PushMultipleFrames
[       OK ] RingBufferTest.PushMultipleFrames (0 ms)
[----------] 1 test from RingBufferTest (0 ms total)

[----------] Global test environment tear-down
[==========] 1 test from 1 test suite ran. (0 ms total)
[  PASSED  ] 1 test.
<end of output>
Test time =   0.05 sec
----------------------------------------------------------
Test Passed.
"RingBufferTest.PushMultipleFrames" end time: Feb 12 18:17 GMT
"RingBufferTest.PushMultipleFrames" time elapsed: 00:00:00
----------------------------------------------------------

4/177 Testing: RingBufferTest.EvictsOldFrames
4/177 Test: RingBufferTest.EvictsOldFrames
Command: "/home/edwab/ws-camera-d/build/tests/camera_daemon_tests" "--gtest_filter=RingBufferTest.EvictsOldFrames" "--gtest_also_run_disabled_tests"
Directory: /home/edwab/ws-camera-d/build/tests
"RingBufferTest.EvictsOldFrames" start time: Feb 12 18:17 GMT
Output:
----------------------------------------------------------
Running main() from ./googletest/src/gtest_main.cc
Note: Google Test filter = RingBufferTest.EvictsOldFrames
[==========] Running 1 test from 1 test suite.
[----------] Global test environment set-up.
[----------] 1 test from RingBufferTest
[ RUN      ] RingBufferTest.EvictsOldFrames
[       OK ] RingBufferTest.EvictsOldFrames (0 ms)
[----------] 1 test from RingBufferTest (0 ms total)

[----------] Global test environment tear-down
[==========] 1 test from 1 test suite ran. (0 ms total)
[  PASSED  ] 1 test.
<end of output>
Test time =   0.05 sec
----------------------------------------------------------
Test Passed.
"RingBufferTest.EvictsOldFrames" end time: Feb 12 18:17 GMT
"RingBufferTest.EvictsOldFrames" time elapsed: 00:00:00
----------------------------------------------------------

5/177 Testing: RingBufferTest.ExtractLastSecondsEmpty
5/177 Test: RingBufferTest.ExtractLastSecondsEmpty
Command: "/home/edwab/ws-camera-d/build/tests/camera_daemon_tests" "--gtest_filter=RingBufferTest.ExtractLastSecondsEmpty" "--gtest_also_run_disabled_tests"
Directory: /home/edwab/ws-camera-d/build/tests
"RingBufferTest.ExtractLastSecondsEmpty" start time: Feb 12 18:17 GMT
Output:
----------------------------------------------------------
Running main() from ./googletest/src/gtest_main.cc
Note: Google Test filter = RingBufferTest.ExtractLastSecondsEmpty
[==========] Running 1 test from 1 test suite.
[----------] Global test environment set-up.
[----------] 1 test from RingBufferTest
[ RUN      ] RingBufferTest.ExtractLastSecondsEmpty
[       OK ] RingBufferTest.ExtractLastSecondsEmpty (0 ms)
[----------] 1 test from RingBufferTest (0 ms total)

[----------] Global test environment tear-down
[==========] 1 test from 1 test suite ran. (0 ms total)
[  PASSED  ] 1 test.
<end of output>
Test time =   0.05 sec
----------------------------------------------------------
Test Passed.
"RingBufferTest.ExtractLastSecondsEmpty" end time: Feb 12 18:17 GMT
"RingBufferTest.ExtractLastSecondsEmpty" time elapsed: 00:00:00
----------------------------------------------------------

6/177 Testing: RingBufferTest.ExtractLastSecondsWithData
6/177 Test: RingBufferTest.ExtractLastSecondsWithData
Command: "/home/edwab/ws-camera-d/build/tests/camera_daemon_tests" "--gtest_filter=RingBufferTest.ExtractLastSecondsWithData" "--gtest_also_run_disabled_tests"
Directory: /home/edwab/ws-camera-d/build/tests
"RingBufferTest.ExtractLastSecondsWithData" start time: Feb 12 18:17 GMT
Output:
----------------------------------------------------------
Running main() from ./googletest/src/gtest_main.cc
Note: Google Test filter = RingBufferTest.ExtractLastSecondsWithData
[==========] Running 1 test from 1 test suite.
[----------] Global test environment set-up.
[----------] 1 test from RingBufferTest
[ RUN      ] RingBufferTest.ExtractLastSecondsWithData
[       OK ] RingBufferTest.ExtractLastSecondsWithData (0 ms)
[----------] 1 test from RingBufferTest (0 ms total)

[----------] Global test environment tear-down
[==========] 1 test from 1 test suite ran. (0 ms total)
[  PASSED  ] 1 test.
<end of output>
Test time =   0.05 sec
----------------------------------------------------------
Test Passed.
"RingBufferTest.ExtractLastSecondsWithData" end time: Feb 12 18:17 GMT
"RingBufferTest.ExtractLastSecondsWithData" time elapsed: 00:00:00
----------------------------------------------------------

7/177 Testing: RingBufferTest.Clear
7/177 Test: RingBufferTest.Clear
Command: "/home/edwab/ws-camera-d/build/tests/camera_daemon_tests" "--gtest_filter=RingBufferTest.Clear" "--gtest_also_run_disabled_tests"
Directory: /home/edwab/ws-camera-d/build/tests
"RingBufferTest.Clear" start time: Feb 12 18:17 GMT
Output:
----------------------------------------------------------
Running main() from ./googletest/src/gtest_main.cc
Note: Google Test filter = RingBufferTest.Clear
[==========] Running 1 test from 1 test suite.
[----------] Global test environment set-up.
[----------] 1 test from RingBufferTest
[ RUN      ] RingBufferTest.Clear
[       OK ] RingBufferTest.Clear (0 ms)
[----------] 1 test from RingBufferTest (0 ms total)

[----------] Global test environment tear-down
[==========] 1 test from 1 test suite ran. (0 ms total)
[  PASSED  ] 1 test.
<end of output>
Test time =   0.05 sec
----------------------------------------------------------
Test Passed.
"RingBufferTest.Clear" end time: Feb 12 18:17 GMT
"RingBufferTest.Clear" time elapsed: 00:00:00
----------------------------------------------------------

8/177 Testing: RingBufferTest.ThreadSafety
8/177 Test: RingBufferTest.ThreadSafety
Command: "/home/edwab/ws-camera-d/build/tests/camera_daemon_tests" "--gtest_filter=RingBufferTest.ThreadSafety" "--gtest_also_run_disabled_tests"
Directory: /home/edwab/ws-camera-d/build/tests
"RingBufferTest.ThreadSafety" start time: Feb 12 18:17 GMT
Output:
----------------------------------------------------------
Running main() from ./googletest/src/gtest_main.cc
Note: Google Test filter = RingBufferTest.ThreadSafety
[==========] Running 1 test from 1 test suite.
[----------] Global test environment set-up.
[----------] 1 test from RingBufferTest
[ RUN      ] RingBufferTest.ThreadSafety
[       OK ] RingBufferTest.ThreadSafety (1 ms)
[----------] 1 test from RingBufferTest (1 ms total)

[----------] Global test environment tear-down
[==========] 1 test from 1 test suite ran. (1 ms total)
[  PASSED  ] 1 test.
<end of output>
Test time =   0.05 sec
----------------------------------------------------------
Test Passed.
"RingBufferTest.ThreadSafety" end time: Feb 12 18:17 GMT
"RingBufferTest.ThreadSafety" time elapsed: 00:00:00
----------------------------------------------------------

9/177 Testing: ResponseTest.OkResponse
9/177 Test: ResponseTest.OkResponse
Command: "/home/edwab/ws-camera-d/build/tests/camera_daemon_tests" "--gtest_filter=ResponseTest.OkResponse" "--gtest_also_run_disabled_tests"
Directory: /home/edwab/ws-camera-d/build/tests
"ResponseTest.OkResponse" start time: Feb 12 18:17 GMT
Output:
----------------------------------------------------------
Running main() from ./googletest/src/gtest_main.cc
Note: Google Test filter = ResponseTest.OkResponse
[==========] Running 1 test from 1 test suite.
[----------] Global test environment set-up.
[----------] 1 test from ResponseTest
[ RUN      ] ResponseTest.OkResponse
[       OK ] ResponseTest.OkResponse (0 ms)
[----------] 1 test from ResponseTest (0 ms total)

[----------] Global test environment tear-down
[==========] 1 test from 1 test suite ran. (0 ms total)
[  PASSED  ] 1 test.
<end of output>
Test time =   0.05 sec
----------------------------------------------------------
Test Passed.
"ResponseTest.OkResponse" end time: Feb 12 18:17 GMT
"ResponseTest.OkResponse" time elapsed: 00:00:00
----------------------------------------------------------

10/177 Testing: ResponseTest.OkResponseWithPath
10/177 Test: ResponseTest.OkResponseWithPath
Command: "/home/edwab/ws-camera-d/build/tests/camera_daemon_tests" "--gtest_filter=ResponseTest.OkResponseWithPath" "--gtest_also_run_disabled_tests"
Directory: /home/edwab/ws-camera-d/build/tests
"ResponseTest.OkResponseWithPath" start time: Feb 12 18:17 GMT
Output:
----------------------------------------------------------
Running main() from ./googletest/src/gtest_main.cc
Note: Google Test filter = ResponseTest.OkResponseWithPath
[==========] Running 1 test from 1 test suite.
[----------] Global test environment set-up.
[----------] 1 test from ResponseTest
[ RUN      ] ResponseTest.OkResponseWithPath
[       OK ] ResponseTest.OkResponseWithPath (0 ms)
[----------] 1 test from ResponseTest (0 ms total)

[----------] Global test environment tear-down
[==========] 1 test from 1 test suite ran. (0 ms total)
[  PASSED  ] 1 test.
<end of output>
Test time =   0.05 sec
----------------------------------------------------------
Test Passed.
"ResponseTest.OkResponseWithPath" end time: Feb 12 18:17 GMT
"ResponseTest.OkResponseWithPath" time elapsed: 00:00:00
----------------------------------------------------------

11/177 Testing: ResponseTest.OkResponseWithData
11/177 Test: ResponseTest.OkResponseWithData
Command: "/home/edwab/ws-camera-d/build/tests/camera_daemon_tests" "--gtest_filter=ResponseTest.OkResponseWithData" "--gtest_also_run_disabled_tests"
Directory: /home/edwab/ws-camera-d/build/tests
"ResponseTest.OkResponseWithData" start time: Feb 12 18:17 GMT
Output:
----------------------------------------------------------
Running main() from ./googletest/src/gtest_main.cc
Note: Google Test filter = ResponseTest.OkResponseWithData
[==========] Running 1 test from 1 test suite.
[----------] Global test environment set-up.
[----------] 1 test from ResponseTest
[ RUN      ] ResponseTest.OkResponseWithData
[       OK ] ResponseTest.OkResponseWithData (0 ms)
[----------] 1 test from ResponseTest (0 ms total)

[----------] Global test environment tear-down
[==========] 1 test from 1 test suite ran. (0 ms total)
[  PASSED  ] 1 test.
<end of output>
Test time =   0.05 sec
----------------------------------------------------------
Test Passed.
"ResponseTest.OkResponseWithData" end time: Feb 12 18:17 GMT
"ResponseTest.OkResponseWithData" time elapsed: 00:00:00
----------------------------------------------------------

12/177 Testing: ResponseTest.ErrorResponse
12/177 Test: ResponseTest.ErrorResponse
Command: "/home/edwab/ws-camera-d/build/tests/camera_daemon_tests" "--gtest_filter=ResponseTest.ErrorResponse" "--gtest_also_run_disabled_tests"
Directory: /home/edwab/ws-camera-d/build/tests
"ResponseTest.ErrorResponse" start time: Feb 12 18:17 GMT
Output:
----------------------------------------------------------
Running main() from ./googletest/src/gtest_main.cc
Note: Google Test filter = ResponseTest.ErrorResponse
[==========] Running 1 test from 1 test suite.
[----------] Global test environment set-up.
[----------] 1 test from ResponseTest
[ RUN      ] ResponseTest.ErrorResponse
[       OK ] ResponseTest.ErrorResponse (0 ms)
[----------] 1 test from ResponseTest (0 ms total)

[----------] Global test environment tear-down
[==========] 1 test from 1 test suite ran. (0 ms total)
[  PASSED  ] 1 test.
<end of output>
Test time =   0.05 sec
----------------------------------------------------------
Test Passed.
"ResponseTest.ErrorResponse" end time: Feb 12 18:17 GMT
"ResponseTest.ErrorResponse" time elapsed: 00:00:00
----------------------------------------------------------

13/177 Testing: ResponseTest.EscapeSpecialChars
13/177 Test: ResponseTest.EscapeSpecialChars
Command: "/home/edwab/ws-camera-d/build/tests/camera_daemon_tests" "--gtest_filter=ResponseTest.EscapeSpecialChars" "--gtest_also_run_disabled_tests"
Directory: /home/edwab/ws-camera-d/build/tests
"ResponseTest.EscapeSpecialChars" start time: Feb 12 18:17 GMT
Output:
----------------------------------------------------------
Running main() from ./googletest/src/gtest_main.cc
Note: Google Test filter = ResponseTest.EscapeSpecialChars
[==========] Running 1 test from 1 test suite.
[----------] Global test environment set-up.
[----------] 1 test from ResponseTest
[ RUN      ] ResponseTest.EscapeSpecialChars
[       OK ] ResponseTest.EscapeSpecialChars (0 ms)
[----------] 1 test from ResponseTest (0 ms total)

[----------] Global test environment tear-down
[==========] 1 test from 1 test suite ran. (0 ms total)
[  PASSED  ] 1 test.
<end of output>
Test time =   0.05 sec
----------------------------------------------------------
Test Passed.
"ResponseTest.EscapeSpecialChars" end time: Feb 12 18:17 GMT
"ResponseTest.EscapeSpecialChars" time elapsed: 00:00:00
----------------------------------------------------------

14/177 Testing: ResponseTest.ToStringFormat
14/177 Test: ResponseTest.ToStringFormat
Command: "/home/edwab/ws-camera-d/build/tests/camera_daemon_tests" "--gtest_filter=ResponseTest.ToStringFormat" "--gtest_also_run_disabled_tests"
Directory: /home/edwab/ws-camera-d/build/tests
"ResponseTest.ToStringFormat" start time: Feb 12 18:17 GMT
Output:
----------------------------------------------------------
Running main() from ./googletest/src/gtest_main.cc
Note: Google Test filter = ResponseTest.ToStringFormat
[==========] Running 1 test from 1 test suite.
[----------] Global test environment set-up.
[----------] 1 test from ResponseTest
[ RUN      ] ResponseTest.ToStringFormat
[       OK ] ResponseTest.ToStringFormat (0 ms)
[----------] 1 test from ResponseTest (0 ms total)

[----------] Global test environment tear-down
[==========] 1 test from 1 test suite ran. (0 ms total)
[  PASSED  ] 1 test.
<end of output>
Test time =   0.05 sec
----------------------------------------------------------
Test Passed.
"ResponseTest.ToStringFormat" end time: Feb 12 18:17 GMT
"ResponseTest.ToStringFormat" time elapsed: 00:00:00
----------------------------------------------------------

15/177 Testing: ResponseTest.SuccessFlag
15/177 Test: ResponseTest.SuccessFlag
Command: "/home/edwab/ws-camera-d/build/tests/camera_daemon_tests" "--gtest_filter=ResponseTest.SuccessFlag" "--gtest_also_run_disabled_tests"
Directory: /home/edwab/ws-camera-d/build/tests
"ResponseTest.SuccessFlag" start time: Feb 12 18:17 GMT
Output:
----------------------------------------------------------
Running main() from ./googletest/src/gtest_main.cc
Note: Google Test filter = ResponseTest.SuccessFlag
[==========] Running 1 test from 1 test suite.
[----------] Global test environment set-up.
[----------] 1 test from ResponseTest
[ RUN      ] ResponseTest.SuccessFlag
[       OK ] ResponseTest.SuccessFlag (0 ms)
[----------] 1 test from ResponseTest (0 ms total)

[----------] Global test environment tear-down
[==========] 1 test from 1 test suite ran. (0 ms total)
[  PASSED  ] 1 test.
<end of output>
Test time =   0.05 sec
----------------------------------------------------------
Test Passed.
"ResponseTest.SuccessFlag" end time: Feb 12 18:17 GMT
"ResponseTest.SuccessFlag" time elapsed: 00:00:00
----------------------------------------------------------

16/177 Testing: CommandTest.DefaultValues
16/177 Test: CommandTest.DefaultValues
Command: "/home/edwab/ws-camera-d/build/tests/camera_daemon_tests" "--gtest_filter=CommandTest.DefaultValues" "--gtest_also_run_disabled_tests"
Directory: /home/edwab/ws-camera-d/build/tests
"CommandTest.DefaultValues" start time: Feb 12 18:17 GMT
Output:
----------------------------------------------------------
Running main() from ./googletest/src/gtest_main.cc
Note: Google Test filter = CommandTest.DefaultValues
[==========] Running 1 test from 1 test suite.
[----------] Global test environment set-up.
[----------] 1 test from CommandTest
[ RUN      ] CommandTest.DefaultValues
[       OK ] CommandTest.DefaultValues (0 ms)
[----------] 1 test from CommandTest (0 ms total)

[----------] Global test environment tear-down
[==========] 1 test from 1 test suite ran. (0 ms total)
[  PASSED  ] 1 test.
<end of output>
Test time =   0.05 sec
----------------------------------------------------------
Test Passed.
"CommandTest.DefaultValues" end time: Feb 12 18:17 GMT
"CommandTest.DefaultValues" time elapsed: 00:00:00
----------------------------------------------------------

17/177 Testing: CommandTypeTest.EnumValues
17/177 Test: CommandTypeTest.EnumValues
Command: "/home/edwab/ws-camera-d/build/tests/camera_daemon_tests" "--gtest_filter=CommandTypeTest.EnumValues" "--gtest_also_run_disabled_tests"
Directory: /home/edwab/ws-camera-d/build/tests
"CommandTypeTest.EnumValues" start time: Feb 12 18:17 GMT
Output:
----------------------------------------------------------
Running main() from ./googletest/src/gtest_main.cc
Note: Google Test filter = CommandTypeTest.EnumValues
[==========] Running 1 test from 1 test suite.
[----------] Global test environment set-up.
[----------] 1 test from CommandTypeTest
[ RUN      ] CommandTypeTest.EnumValues
[       OK ] CommandTypeTest.EnumValues (0 ms)
[----------] 1 test from CommandTypeTest (0 ms total)

[----------] Global test environment tear-down
[==========] 1 test from 1 test suite ran. (0 ms total)
[  PASSED  ] 1 test.
<end of output>
Test time =   0.06 sec
----------------------------------------------------------
Test Passed.
"CommandTypeTest.EnumValues" end time: Feb 12 18:17 GMT
"CommandTypeTest.EnumValues" time elapsed: 00:00:00
----------------------------------------------------------

18/177 Testing: CommandTypeTest.AllTypesDistinct
18/177 Test: CommandTypeTest.AllTypesDistinct
Command: "/home/edwab/ws-camera-d/build/tests/camera_daemon_tests" "--gtest_filter=CommandTypeTest.AllTypesDistinct" "--gtest_also_run_disabled_tests"
Directory: /home/edwab/ws-camera-d/build/tests
"CommandTypeTest.AllTypesDistinct" start time: Feb 12 18:17 GMT
Output:
----------------------------------------------------------
Running main() from ./googletest/src/gtest_main.cc
Note: Google Test filter = CommandTypeTest.AllTypesDistinct
[==========] Running 1 test from 1 test suite.
[----------] Global test environment set-up.
[----------] 1 test from CommandTypeTest
[ RUN      ] CommandTypeTest.AllTypesDistinct
[       OK ] CommandTypeTest.AllTypesDistinct (0 ms)
[----------] 1 test from CommandTypeTest (0 ms total)

[----------] Global test environment tear-down
[==========] 1 test from 1 test suite ran. (0 ms total)
[  PASSED  ] 1 test.
<end of output>
Test time =   0.05 sec
----------------------------------------------------------
Test Passed.
"CommandTypeTest.AllTypesDistinct" end time: Feb 12 18:17 GMT
"CommandTypeTest.AllTypesDistinct" time elapsed: 00:00:00
----------------------------------------------------------

19/177 Testing: FrameMetadataTest.DefaultValues
19/177 Test: FrameMetadataTest.DefaultValues
Command: "/home/edwab/ws-camera-d/build/tests/camera_daemon_tests" "--gtest_filter=FrameMetadataTest.DefaultValues" "--gtest_also_run_disabled_tests"
Directory: /home/edwab/ws-camera-d/build/tests
"FrameMetadataTest.DefaultValues" start time: Feb 12 18:17 GMT
Output:
----------------------------------------------------------
Running main() from ./googletest/src/gtest_main.cc
Note: Google Test filter = FrameMetadataTest.DefaultValues
[==========] Running 1 test from 1 test suite.
[----------] Global test environment set-up.
[----------] 1 test from FrameMetadataTest
[ RUN      ] FrameMetadataTest.DefaultValues
[       OK ] FrameMetadataTest.DefaultValues (0 ms)
[----------] 1 test from FrameMetadataTest (0 ms total)

[----------] Global test environment tear-down
[==========] 1 test from 1 test suite ran. (0 ms total)
[  PASSED  ] 1 test.
<end of output>
Test time =   0.05 sec
----------------------------------------------------------
Test Passed.
"FrameMetadataTest.DefaultValues" end time: Feb 12 18:17 GMT
"FrameMetadataTest.DefaultValues" time elapsed: 00:00:00
----------------------------------------------------------

20/177 Testing: FrameMetadataTest.SetValues
20/177 Test: FrameMetadataTest.SetValues
Command: "/home/edwab/ws-camera-d/build/tests/camera_daemon_tests" "--gtest_filter=FrameMetadataTest.SetValues" "--gtest_also_run_disabled_tests"
Directory: /home/edwab/ws-camera-d/build/tests
"FrameMetadataTest.SetValues" start time: Feb 12 18:17 GMT
Output:
----------------------------------------------------------
Running main() from ./googletest/src/gtest_main.cc
Note: Google Test filter = FrameMetadataTest.SetValues
[==========] Running 1 test from 1 test suite.
[----------] Global test environment set-up.
[----------] 1 test from FrameMetadataTest
[ RUN      ] FrameMetadataTest.SetValues
[       OK ] FrameMetadataTest.SetValues (0 ms)
[----------] 1 test from FrameMetadataTest (0 ms total)

[----------] Global test environment tear-down
[==========] 1 test from 1 test suite ran. (0 ms total)
[  PASSED  ] 1 test.
<end of output>
Test time =   0.05 sec
----------------------------------------------------------
Test Passed.
"FrameMetadataTest.SetValues" end time: Feb 12 18:17 GMT
"FrameMetadataTest.SetValues" time elapsed: 00:00:00
----------------------------------------------------------

21/177 Testing: EncodedFrameTest.Construction
21/177 Test: EncodedFrameTest.Construction
Command: "/home/edwab/ws-camera-d/build/tests/camera_daemon_tests" "--gtest_filter=EncodedFrameTest.Construction" "--gtest_also_run_disabled_tests"
Directory: /home/edwab/ws-camera-d/build/tests
"EncodedFrameTest.Construction" start time: Feb 12 18:17 GMT
Output:
----------------------------------------------------------
Running main() from ./googletest/src/gtest_main.cc
Note: Google Test filter = EncodedFrameTest.Construction
[==========] Running 1 test from 1 test suite.
[----------] Global test environment set-up.
[----------] 1 test from EncodedFrameTest
[ RUN      ] EncodedFrameTest.Construction
[       OK ] EncodedFrameTest.Construction (0 ms)
[----------] 1 test from EncodedFrameTest (0 ms total)

[----------] Global test environment tear-down
[==========] 1 test from 1 test suite ran. (0 ms total)
[  PASSED  ] 1 test.
<end of output>
Test time =   0.05 sec
----------------------------------------------------------
Test Passed.
"EncodedFrameTest.Construction" end time: Feb 12 18:17 GMT
"EncodedFrameTest.Construction" time elapsed: 00:00:00
----------------------------------------------------------

22/177 Testing: CameraConfigTest.DefaultValues
22/177 Test: CameraConfigTest.DefaultValues
Command: "/home/edwab/ws-camera-d/build/tests/camera_daemon_tests" "--gtest_filter=CameraConfigTest.DefaultValues" "--gtest_also_run_disabled_tests"
Directory: /home/edwab/ws-camera-d/build/tests
"CameraConfigTest.DefaultValues" start time: Feb 12 18:17 GMT
Output:
----------------------------------------------------------
Running main() from ./googletest/src/gtest_main.cc
Note: Google Test filter = CameraConfigTest.DefaultValues
[==========] Running 1 test from 1 test suite.
[----------] Global test environment set-up.
[----------] 1 test from CameraConfigTest
[ RUN      ] CameraConfigTest.DefaultValues
[       OK ] CameraConfigTest.DefaultValues (0 ms)
[----------] 1 test from CameraConfigTest (0 ms total)

[----------] Global test environment tear-down
[==========] 1 test from 1 test suite ran. (0 ms total)
[  PASSED  ] 1 test.
<end of output>
Test time =   0.05 sec
----------------------------------------------------------
Test Passed.
"CameraConfigTest.DefaultValues" end time: Feb 12 18:17 GMT
"CameraConfigTest.DefaultValues" time elapsed: 00:00:00
----------------------------------------------------------

23/177 Testing: DaemonConfigTest.DefaultValues
23/177 Test: DaemonConfigTest.DefaultValues
Command: "/home/edwab/ws-camera-d/build/tests/camera_daemon_tests" "--gtest_filter=DaemonConfigTest.DefaultValues" "--gtest_also_run_disabled_tests"
Directory: /home/edwab/ws-camera-d/build/tests
"DaemonConfigTest.DefaultValues" start time: Feb 12 18:17 GMT
Output:
----------------------------------------------------------
Running main() from ./googletest/src/gtest_main.cc
Note: Google Test filter = DaemonConfigTest.DefaultValues
[==========] Running 1 test from 1 test suite.
[----------] Global test environment set-up.
[----------] 1 test from DaemonConfigTest
[ RUN      ] DaemonConfigTest.DefaultValues
[       OK ] DaemonConfigTest.DefaultValues (0 ms)
[----------] 1 test from DaemonConfigTest (0 ms total)

[----------] Global test environment tear-down
[==========] 1 test from 1 test suite ran. (0 ms total)
[  PASSED  ] 1 test.
<end of output>
Test time =   0.05 sec
----------------------------------------------------------
Test Passed.
"DaemonConfigTest.DefaultValues" end time: Feb 12 18:17 GMT
"DaemonConfigTest.DefaultValues" time elapsed: 00:00:00
----------------------------------------------------------

24/177 Testing: PixelFormatTest.Constants
24/177 Test: PixelFormatTest.Constants
Command: "/home/edwab/ws-camera-d/build/tests/camera_daemon_tests" "--gtest_filter=PixelFormatTest.Constants" "--gtest_also_run_disabled_tests"
Directory: /home/edwab/ws-camera-d/build/tests
"PixelFormatTest.Constants" start time: Feb 12 18:17 GMT
Output:
----------------------------------------------------------
Running main() from ./googletest/src/gtest_main.cc
Note: Google Test filter = PixelFormatTest.Constants
[==========] Running 1 test from 1 test suite.
[----------] Global test environment set-up.
[----------] 1 test from PixelFormatTest
[ RUN      ] PixelFormatTest.Constants
[       OK ] PixelFormatTest.Constants (0 ms)
[----------] 1 test from PixelFormatTest (0 ms total)

[----------] Global test environment tear-down
[==========] 1 test from 1 test suite ran. (0 ms total)
[  PASSED  ] 1 test.
<end of output>
Test time =   0.05 sec
----------------------------------------------------------
Test Passed.
"PixelFormatTest.Constants" end time: Feb 12 18:17 GMT
"PixelFormatTest.Constants" time elapsed: 00:00:00
----------------------------------------------------------

25/177 Testing: VersionTest.Defined
25/177 Test: VersionTest.Defined
Command: "/home/edwab/ws-camera-d/build/tests/camera_daemon_tests" "--gtest_filter=VersionTest.Defined" "--gtest_also_run_disabled_tests"
Directory: /home/edwab/ws-camera-d/build/tests
"VersionTest.Defined" start time: Feb 12 18:17 GMT
Output:
----------------------------------------------------------
Running main() from ./googletest/src/gtest_main.cc
Note: Google Test filter = VersionTest.Defined
[==========] Running 1 test from 1 test suite.
[----------] Global test environment set-up.
[----------] 1 test from VersionTest
[ RUN      ] VersionTest.Defined
[       OK ] VersionTest.Defined (0 ms)
[----------] 1 test from VersionTest (0 ms total)

[----------] Global test environment tear-down
[==========] 1 test from 1 test suite ran. (0 ms total)
[  PASSED  ] 1 test.
<end of output>
Test time =   0.05 sec
----------------------------------------------------------
Test Passed.
"VersionTest.Defined" end time: Feb 12 18:17 GMT
"VersionTest.Defined" time elapsed: 00:00:00
----------------------------------------------------------

26/177 Testing: TimestampTest.GetTimestampUsReturnsReasonableValue
26/177 Test: TimestampTest.GetTimestampUsReturnsReasonableValue
Command: "/home/edwab/ws-camera-d/build/tests/camera_daemon_tests" "--gtest_filter=TimestampTest.GetTimestampUsReturnsReasonableValue" "--gtest_also_run_disabled_tests"
Directory: /home/edwab/ws-camera-d/build/tests
"TimestampTest.GetTimestampUsReturnsReasonableValue" start time: Feb 12 18:17 GMT
Output:
----------------------------------------------------------
Running main() from ./googletest/src/gtest_main.cc
Note: Google Test filter = TimestampTest.GetTimestampUsReturnsReasonableValue
[==========] Running 1 test from 1 test suite.
[----------] Global test environment set-up.
[----------] 1 test from TimestampTest
[ RUN      ] TimestampTest.GetTimestampUsReturnsReasonableValue
[       OK ] TimestampTest.GetTimestampUsReturnsReasonableValue (0 ms)
[----------] 1 test from TimestampTest (0 ms total)

[----------] Global test environment tear-down
[==========] 1 test from 1 test suite ran. (0 ms total)
[  PASSED  ] 1 test.
<end of output>
Test time =   0.05 sec
----------------------------------------------------------
Test Passed.
"TimestampTest.GetTimestampUsReturnsReasonableValue" end time: Feb 12 18:17 GMT
"TimestampTest.GetTimestampUsReturnsReasonableValue" time elapsed: 00:00:00
----------------------------------------------------------

27/177 Testing: TimestampTest.GetTimestampUsIncreases
27/177 Test: TimestampTest.GetTimestampUsIncreases
Command: "/home/edwab/ws-camera-d/build/tests/camera_daemon_tests" "--gtest_filter=TimestampTest.GetTimestampUsIncreases" "--gtest_also_run_disabled_tests"
Directory: /home/edwab/ws-camera-d/build/tests
"TimestampTest.GetTimestampUsIncreases" start time: Feb 12 18:17 GMT
Output:
----------------------------------------------------------
Running main() from ./googletest/src/gtest_main.cc
Note: Google Test filter = TimestampTest.GetTimestampUsIncreases
[==========] Running 1 test from 1 test suite.
[----------] Global test environment set-up.
[----------] 1 test from TimestampTest
[ RUN      ] TimestampTest.GetTimestampUsIncreases
[       OK ] TimestampTest.GetTimestampUsIncreases (5 ms)
[----------] 1 test from TimestampTest (5 ms total)

[----------] Global test environment tear-down
[==========] 1 test from 1 test suite ran. (5 ms total)
[  PASSED  ] 1 test.
<end of output>
Test time =   0.05 sec
----------------------------------------------------------
Test Passed.
"TimestampTest.GetTimestampUsIncreases" end time: Feb 12 18:17 GMT
"TimestampTest.GetTimestampUsIncreases" time elapsed: 00:00:00
----------------------------------------------------------

28/177 Testing: TimestampTest.GetTimestampUsConsistent
28/177 Test: TimestampTest.GetTimestampUsConsistent
Command: "/home/edwab/ws-camera-d/build/tests/camera_daemon_tests" "--gtest_filter=TimestampTest.GetTimestampUsConsistent" "--gtest_also_run_disabled_tests"
Directory: /home/edwab/ws-camera-d/build/tests
"TimestampTest.GetTimestampUsConsistent" start time: Feb 12 18:17 GMT
Output:
----------------------------------------------------------
Running main() from ./googletest/src/gtest_main.cc
Note: Google Test filter = TimestampTest.GetTimestampUsConsistent
[==========] Running 1 test from 1 test suite.
[----------] Global test environment set-up.
[----------] 1 test from TimestampTest
[ RUN      ] TimestampTest.GetTimestampUsConsistent
[       OK ] TimestampTest.GetTimestampUsConsistent (0 ms)
[----------] 1 test from TimestampTest (0 ms total)

[----------] Global test environment tear-down
[==========] 1 test from 1 test suite ran. (0 ms total)
[  PASSED  ] 1 test.
<end of output>
Test time =   0.05 sec
----------------------------------------------------------
Test Passed.
"TimestampTest.GetTimestampUsConsistent" end time: Feb 12 18:17 GMT
"TimestampTest.GetTimestampUsConsistent" time elapsed: 00:00:00
----------------------------------------------------------

29/177 Testing: TimestampTest.FilenameFormat
29/177 Test: TimestampTest.FilenameFormat
Command: "/home/edwab/ws-camera-d/build/tests/camera_daemon_tests" "--gtest_filter=TimestampTest.FilenameFormat" "--gtest_also_run_disabled_tests"
Directory: /home/edwab/ws-camera-d/build/tests
"TimestampTest.FilenameFormat" start time: Feb 12 18:17 GMT
Output:
----------------------------------------------------------
Running main() from ./googletest/src/gtest_main.cc
Note: Google Test filter = TimestampTest.FilenameFormat
[==========] Running 1 test from 1 test suite.
[----------] Global test environment set-up.
[----------] 1 test from TimestampTest
[ RUN      ] TimestampTest.FilenameFormat
[       OK ] TimestampTest.FilenameFormat (0 ms)
[----------] 1 test from TimestampTest (0 ms total)

[----------] Global test environment tear-down
[==========] 1 test from 1 test suite ran. (0 ms total)
[  PASSED  ] 1 test.
<end of output>
Test time =   0.05 sec
----------------------------------------------------------
Test Passed.
"TimestampTest.FilenameFormat" end time: Feb 12 18:17 GMT
"TimestampTest.FilenameFormat" time elapsed: 00:00:00
----------------------------------------------------------

30/177 Testing: TimestampTest.FilenameLength
30/177 Test: TimestampTest.FilenameLength
Command: "/home/edwab/ws-camera-d/build/tests/camera_daemon_tests" "--gtest_filter=TimestampTest.FilenameLength" "--gtest_also_run_disabled_tests"
Directory: /home/edwab/ws-camera-d/build/tests
"TimestampTest.FilenameLength" start time: Feb 12 18:17 GMT
Output:
----------------------------------------------------------
Running main() from ./googletest/src/gtest_main.cc
Note: Google Test filter = TimestampTest.FilenameLength
[==========] Running 1 test from 1 test suite.
[----------] Global test environment set-up.
[----------] 1 test from TimestampTest
[ RUN      ] TimestampTest.FilenameLength
[       OK ] TimestampTest.FilenameLength (0 ms)
[----------] 1 test from TimestampTest (0 ms total)

[----------] Global test environment tear-down
[==========] 1 test from 1 test suite ran. (0 ms total)
[  PASSED  ] 1 test.
<end of output>
Test time =   0.05 sec
----------------------------------------------------------
Test Passed.
"TimestampTest.FilenameLength" end time: Feb 12 18:17 GMT
"TimestampTest.FilenameLength" time elapsed: 00:00:00
----------------------------------------------------------

31/177 Testing: TimestampTest.FilenameUniqueness
31/177 Test: TimestampTest.FilenameUniqueness
Command: "/home/edwab/ws-camera-d/build/tests/camera_daemon_tests" "--gtest_filter=TimestampTest.FilenameUniqueness" "--gtest_also_run_disabled_tests"
Directory: /home/edwab/ws-camera-d/build/tests
"TimestampTest.FilenameUniqueness" start time: Feb 12 18:17 GMT
Output:
----------------------------------------------------------
Running main() from ./googletest/src/gtest_main.cc
Note: Google Test filter = TimestampTest.FilenameUniqueness
[==========] Running 1 test from 1 test suite.
[----------] Global test environment set-up.
[----------] 1 test from TimestampTest
[ RUN      ] TimestampTest.FilenameUniqueness
[       OK ] TimestampTest.FilenameUniqueness (2 ms)
[----------] 1 test from TimestampTest (2 ms total)

[----------] Global test environment tear-down
[==========] 1 test from 1 test suite ran. (2 ms total)
[  PASSED  ] 1 test.
<end of output>
Test time =   0.05 sec
----------------------------------------------------------
Test Passed.
"TimestampTest.FilenameUniqueness" end time: Feb 12 18:17 GMT
"TimestampTest.FilenameUniqueness" time elapsed: 00:00:00
----------------------------------------------------------

32/177 Testing: TimestampTest.FilenameContainsDate
32/177 Test: TimestampTest.FilenameContainsDate
Command: "/home/edwab/ws-camera-d/build/tests/camera_daemon_tests" "--gtest_filter=TimestampTest.FilenameContainsDate" "--gtest_also_run_disabled_tests"
Directory: /home/edwab/ws-camera-d/build/tests
"TimestampTest.FilenameContainsDate" start time: Feb 12 18:17 GMT
Output:
----------------------------------------------------------
Running main() from ./googletest/src/gtest_main.cc
Note: Google Test filter = TimestampTest.FilenameContainsDate
[==========] Running 1 test from 1 test suite.
[----------] Global test environment set-up.
[----------] 1 test from TimestampTest
[ RUN      ] TimestampTest.FilenameContainsDate
[       OK ] TimestampTest.FilenameContainsDate (0 ms)
[----------] 1 test from TimestampTest (0 ms total)

[----------] Global test environment tear-down
[==========] 1 test from 1 test suite ran. (0 ms total)
[  PASSED  ] 1 test.
<end of output>
Test time =   0.05 sec
----------------------------------------------------------
Test Passed.
"TimestampTest.FilenameContainsDate" end time: Feb 12 18:17 GMT
"TimestampTest.FilenameContainsDate" time elapsed: 00:00:00
----------------------------------------------------------

33/177 Testing: TimestampTest.FilenameContainsTime
33/177 Test: TimestampTest.FilenameContainsTime
Command: "/home/edwab/ws-camera-d/build/tests/camera_daemon_tests" "--gtest_filter=TimestampTest.FilenameContainsTime" "--gtest_also_run_disabled_tests"
Directory: /home/edwab/ws-camera-d/build/tests
"TimestampTest.FilenameContainsTime" start time: Feb 12 18:17 GMT
Output:
----------------------------------------------------------
Running main() from ./googletest/src/gtest_main.cc
Note: Google Test filter = TimestampTest.FilenameContainsTime
[==========] Running 1 test from 1 test suite.
[----------] Global test environment set-up.
[----------] 1 test from TimestampTest
[ RUN      ] TimestampTest.FilenameContainsTime
[       OK ] TimestampTest.FilenameContainsTime (0 ms)
[----------] 1 test from TimestampTest (0 ms total)

[----------] Global test environment tear-down
[==========] 1 test from 1 test suite ran. (0 ms total)
[  PASSED  ] 1 test.
<end of output>
Test time =   0.05 sec
----------------------------------------------------------
Test Passed.
"TimestampTest.FilenameContainsTime" end time: Feb 12 18:17 GMT
"TimestampTest.FilenameContainsTime" time elapsed: 00:00:00
----------------------------------------------------------

34/177 Testing: LoggerTest.LogsDebugWhenEnabled
34/177 Test: LoggerTest.LogsDebugWhenEnabled
Command: "/home/edwab/ws-camera-d/build/tests/camera_daemon_tests" "--gtest_filter=LoggerTest.LogsDebugWhenEnabled" "--gtest_also_run_disabled_tests"
Directory: /home/edwab/ws-camera-d/build/tests
"LoggerTest.LogsDebugWhenEnabled" start time: Feb 12 18:17 GMT
Output:
----------------------------------------------------------
Running main() from ./googletest/src/gtest_main.cc
Note: Google Test filter = LoggerTest.LogsDebugWhenEnabled
[==========] Running 1 test from 1 test suite.
[----------] Global test environment set-up.
[----------] 1 test from LoggerTest
[ RUN      ] LoggerTest.LogsDebugWhenEnabled
[       OK ] LoggerTest.LogsDebugWhenEnabled (0 ms)
[----------] 1 test from LoggerTest (0 ms total)

[----------] Global test environment tear-down
[==========] 1 test from 1 test suite ran. (0 ms total)
[  PASSED  ] 1 test.
<end of output>
Test time =   0.05 sec
----------------------------------------------------------
Test Passed.
"LoggerTest.LogsDebugWhenEnabled" end time: Feb 12 18:17 GMT
"LoggerTest.LogsDebugWhenEnabled" time elapsed: 00:00:00
----------------------------------------------------------

35/177 Testing: LoggerTest.LogsInfo
35/177 Test: LoggerTest.LogsInfo
Command: "/home/edwab/ws-camera-d/build/tests/camera_daemon_tests" "--gtest_filter=LoggerTest.LogsInfo" "--gtest_also_run_disabled_tests"
Directory: /home/edwab/ws-camera-d/build/tests
"LoggerTest.LogsInfo" start time: Feb 12 18:17 GMT
Output:
----------------------------------------------------------
Running main() from ./googletest/src/gtest_main.cc
Note: Google Test filter = LoggerTest.LogsInfo
[==========] Running 1 test from 1 test suite.
[----------] Global test environment set-up.
[----------] 1 test from LoggerTest
[ RUN      ] LoggerTest.LogsInfo
[       OK ] LoggerTest.LogsInfo (0 ms)
[----------] 1 test from LoggerTest (0 ms total)

[----------] Global test environment tear-down
[==========] 1 test from 1 test suite ran. (0 ms total)
[  PASSED  ] 1 test.
<end of output>
Test time =   0.05 sec
----------------------------------------------------------
Test Passed.
"LoggerTest.LogsInfo" end time: Feb 12 18:17 GMT
"LoggerTest.LogsInfo" time elapsed: 00:00:00
----------------------------------------------------------

36/177 Testing: LoggerTest.LogsWarn
36/177 Test: LoggerTest.LogsWarn
Command: "/home/edwab/ws-camera-d/build/tests/camera_daemon_tests" "--gtest_filter=LoggerTest.LogsWarn" "--gtest_also_run_disabled_tests"
Directory: /home/edwab/ws-camera-d/build/tests
"LoggerTest.LogsWarn" start time: Feb 12 18:17 GMT
Output:
----------------------------------------------------------
Running main() from ./googletest/src/gtest_main.cc
Note: Google Test filter = LoggerTest.LogsWarn
[==========] Running 1 test from 1 test suite.
[----------] Global test environment set-up.
[----------] 1 test from LoggerTest
[ RUN      ] LoggerTest.LogsWarn
[       OK ] LoggerTest.LogsWarn (0 ms)
[----------] 1 test from LoggerTest (0 ms total)

[----------] Global test environment tear-down
[==========] 1 test from 1 test suite ran. (0 ms total)
[  PASSED  ] 1 test.
<end of output>
Test time =   0.05 sec
----------------------------------------------------------
Test Passed.
"LoggerTest.LogsWarn" end time: Feb 12 18:17 GMT
"LoggerTest.LogsWarn" time elapsed: 00:00:00
----------------------------------------------------------

37/177 Testing: LoggerTest.LogsError
37/177 Test: LoggerTest.LogsError
Command: "/home/edwab/ws-camera-d/build/tests/camera_daemon_tests" "--gtest_filter=LoggerTest.LogsError" "--gtest_also_run_disabled_tests"
Directory: /home/edwab/ws-camera-d/build/tests
"LoggerTest.LogsError" start time: Feb 12 18:17 GMT
Output:
----------------------------------------------------------
Running main() from ./googletest/src/gtest_main.cc
Note: Google Test filter = LoggerTest.LogsError
[==========] Running 1 test from 1 test suite.
[----------] Global test environment set-up.
[----------] 1 test from LoggerTest
[ RUN      ] LoggerTest.LogsError
[       OK ] LoggerTest.LogsError (0 ms)
[----------] 1 test from LoggerTest (0 ms total)

[----------] Global test environment tear-down
[==========] 1 test from 1 test suite ran. (0 ms total)
[  PASSED  ] 1 test.
<end of output>
Test time =   0.05 sec
----------------------------------------------------------
Test Passed.
"LoggerTest.LogsError" end time: Feb 12 18:17 GMT
"LoggerTest.LogsError" time elapsed: 00:00:00
----------------------------------------------------------

38/177 Testing: LoggerTest.FiltersByLevel
38/177 Test: LoggerTest.FiltersByLevel
Command: "/home/edwab/ws-camera-d/build/tests/camera_daemon_tests" "--gtest_filter=LoggerTest.FiltersByLevel" "--gtest_also_run_disabled_tests"
Directory: /home/edwab/ws-camera-d/build/tests
"LoggerTest.FiltersByLevel" start time: Feb 12 18:17 GMT
Output:
----------------------------------------------------------
Running main() from ./googletest/src/gtest_main.cc
Note: Google Test filter = LoggerTest.FiltersByLevel
[==========] Running 1 test from 1 test suite.
[----------] Global test environment set-up.
[----------] 1 test from LoggerTest
[ RUN      ] LoggerTest.FiltersByLevel
[       OK ] LoggerTest.FiltersByLevel (0 ms)
[----------] 1 test from LoggerTest (0 ms total)

[----------] Global test environment tear-down
[==========] 1 test from 1 test suite ran. (0 ms total)
[  PASSED  ] 1 test.
<end of output>
Test time =   0.05 sec
----------------------------------------------------------
Test Passed.
"LoggerTest.FiltersByLevel" end time: Feb 12 18:17 GMT
"LoggerTest.FiltersByLevel" time elapsed: 00:00:00
----------------------------------------------------------

39/177 Testing: LoggerTest.LogsMultipleArgs
39/177 Test: LoggerTest.LogsMultipleArgs
Command: "/home/edwab/ws-camera-d/build/tests/camera_daemon_tests" "--gtest_filter=LoggerTest.LogsMultipleArgs" "--gtest_also_run_disabled_tests"
Directory: /home/edwab/ws-camera-d/build/tests
"LoggerTest.LogsMultipleArgs" start time: Feb 12 18:17 GMT
Output:
----------------------------------------------------------
Running main() from ./googletest/src/gtest_main.cc
Note: Google Test filter = LoggerTest.LogsMultipleArgs
[==========] Running 1 test from 1 test suite.
[----------] Global test environment set-up.
[----------] 1 test from LoggerTest
[ RUN      ] LoggerTest.LogsMultipleArgs
[       OK ] LoggerTest.LogsMultipleArgs (0 ms)
[----------] 1 test from LoggerTest (0 ms total)

[----------] Global test environment tear-down
[==========] 1 test from 1 test suite ran. (0 ms total)
[  PASSED  ] 1 test.
<end of output>
Test time =   0.05 sec
----------------------------------------------------------
Test Passed.
"LoggerTest.LogsMultipleArgs" end time: Feb 12 18:17 GMT
"LoggerTest.LogsMultipleArgs" time elapsed: 00:00:00
----------------------------------------------------------

40/177 Testing: LoggerTest.IncludesSourceFile
40/177 Test: LoggerTest.IncludesSourceFile
Command: "/home/edwab/ws-camera-d/build/tests/camera_daemon_tests" "--gtest_filter=LoggerTest.IncludesSourceFile" "--gtest_also_run_disabled_tests"
Directory: /home/edwab/ws-camera-d/build/tests
"LoggerTest.IncludesSourceFile" start time: Feb 12 18:17 GMT
Output:
----------------------------------------------------------
Running main() from ./googletest/src/gtest_main.cc
Note: Google Test filter = LoggerTest.IncludesSourceFile
[==========] Running 1 test from 1 test suite.
[----------] Global test environment set-up.
[----------] 1 test from LoggerTest
[ RUN      ] LoggerTest.IncludesSourceFile
[       OK ] LoggerTest.IncludesSourceFile (0 ms)
[----------] 1 test from LoggerTest (0 ms total)

[----------] Global test environment tear-down
[==========] 1 test from 1 test suite ran. (0 ms total)
[  PASSED  ] 1 test.
<end of output>
Test time =   0.05 sec
----------------------------------------------------------
Test Passed.
"LoggerTest.IncludesSourceFile" end time: Feb 12 18:17 GMT
"LoggerTest.IncludesSourceFile" time elapsed: 00:00:00
----------------------------------------------------------

41/177 Testing: LoggerTest.IncludesTimestamp
41/177 Test: LoggerTest.IncludesTimestamp
Command: "/home/edwab/ws-camera-d/build/tests/camera_daemon_tests" "--gtest_filter=LoggerTest.IncludesTimestamp" "--gtest_also_run_disabled_tests"
Directory: /home/edwab/ws-camera-d/build/tests
"LoggerTest.IncludesTimestamp" start time: Feb 12 18:17 GMT
Output:
----------------------------------------------------------
Running main() from ./googletest/src/gtest_main.cc
Note: Google Test filter = LoggerTest.IncludesTimestamp
[==========] Running 1 test from 1 test suite.
[----------] Global test environment set-up.
[----------] 1 test from LoggerTest
[ RUN      ] LoggerTest.IncludesTimestamp
[       OK ] LoggerTest.IncludesTimestamp (0 ms)
[----------] 1 test from LoggerTest (0 ms total)

[----------] Global test environment tear-down
[==========] 1 test from 1 test suite ran. (0 ms total)
[  PASSED  ] 1 test.
<end of output>
Test time =   0.05 sec
----------------------------------------------------------
Test Passed.
"LoggerTest.IncludesTimestamp" end time: Feb 12 18:17 GMT
"LoggerTest.IncludesTimestamp" time elapsed: 00:00:00
----------------------------------------------------------

42/177 Testing: SharedMemoryTest.CreateAndMap
42/177 Test: SharedMemoryTest.CreateAndMap
Command: "/home/edwab/ws-camera-d/build/tests/camera_daemon_tests" "--gtest_filter=SharedMemoryTest.CreateAndMap" "--gtest_also_run_disabled_tests"
Directory: /home/edwab/ws-camera-d/build/tests
"SharedMemoryTest.CreateAndMap" start time: Feb 12 18:17 GMT
Output:
----------------------------------------------------------
Running main() from ./googletest/src/gtest_main.cc
Note: Google Test filter = SharedMemoryTest.CreateAndMap
[==========] Running 1 test from 1 test suite.
[----------] Global test environment set-up.
[----------] 1 test from SharedMemoryTest
[ RUN      ] SharedMemoryTest.CreateAndMap
[       OK ] SharedMemoryTest.CreateAndMap (0 ms)
[----------] 1 test from SharedMemoryTest (0 ms total)

[----------] Global test environment tear-down
[==========] 1 test from 1 test suite ran. (0 ms total)
[  PASSED  ] 1 test.
<end of output>
Test time =   0.05 sec
----------------------------------------------------------
Test Passed.
"SharedMemoryTest.CreateAndMap" end time: Feb 12 18:17 GMT
"SharedMemoryTest.CreateAndMap" time elapsed: 00:00:00
----------------------------------------------------------

43/177 Testing: SharedMemoryTest.WriteAndRead
43/177 Test: SharedMemoryTest.WriteAndRead
Command: "/home/edwab/ws-camera-d/build/tests/camera_daemon_tests" "--gtest_filter=SharedMemoryTest.WriteAndRead" "--gtest_also_run_disabled_tests"
Directory: /home/edwab/ws-camera-d/build/tests
"SharedMemoryTest.WriteAndRead" start time: Feb 12 18:17 GMT
Output:
----------------------------------------------------------
Running main() from ./googletest/src/gtest_main.cc
Note: Google Test filter = SharedMemoryTest.WriteAndRead
[==========] Running 1 test from 1 test suite.
[----------] Global test environment set-up.
[----------] 1 test from SharedMemoryTest
[ RUN      ] SharedMemoryTest.WriteAndRead
[       OK ] SharedMemoryTest.WriteAndRead (0 ms)
[----------] 1 test from SharedMemoryTest (0 ms total)

[----------] Global test environment tear-down
[==========] 1 test from 1 test suite ran. (0 ms total)
[  PASSED  ] 1 test.
<end of output>
Test time =   0.05 sec
----------------------------------------------------------
Test Passed.
"SharedMemoryTest.WriteAndRead" end time: Feb 12 18:17 GMT
"SharedMemoryTest.WriteAndRead" time elapsed: 00:00:00
----------------------------------------------------------

44/177 Testing: SharedMemoryTest.UnlinkRemovesShm
44/177 Test: SharedMemoryTest.UnlinkRemovesShm
Command: "/home/edwab/ws-camera-d/build/tests/camera_daemon_tests" "--gtest_filter=SharedMemoryTest.UnlinkRemovesShm" "--gtest_also_run_disabled_tests"
Directory: /home/edwab/ws-camera-d/build/tests
"SharedMemoryTest.UnlinkRemovesShm" start time: Feb 12 18:17 GMT
Output:
----------------------------------------------------------
Running main() from ./googletest/src/gtest_main.cc
Note: Google Test filter = SharedMemoryTest.UnlinkRemovesShm
[==========] Running 1 test from 1 test suite.
[----------] Global test environment set-up.
[----------] 1 test from SharedMemoryTest
[ RUN      ] SharedMemoryTest.UnlinkRemovesShm
[       OK ] SharedMemoryTest.UnlinkRemovesShm (0 ms)
[----------] 1 test from SharedMemoryTest (0 ms total)

[----------] Global test environment tear-down
[==========] 1 test from 1 test suite ran. (0 ms total)
[  PASSED  ] 1 test.
<end of output>
Test time =   0.05 sec
----------------------------------------------------------
Test Passed.
"SharedMemoryTest.UnlinkRemovesShm" end time: Feb 12 18:17 GMT
"SharedMemoryTest.UnlinkRemovesShm" time elapsed: 00:00:00
----------------------------------------------------------

45/177 Testing: SharedMemoryTest.MoveConstruction
45/177 Test: SharedMemoryTest.MoveConstruction
Command: "/home/edwab/ws-camera-d/build/tests/camera_daemon_tests" "--gtest_filter=SharedMemoryTest.MoveConstruction" "--gtest_also_run_disabled_tests"
Directory: /home/edwab/ws-camera-d/build/tests
"SharedMemoryTest.MoveConstruction" start time: Feb 12 18:17 GMT
Output:
----------------------------------------------------------
Running main() from ./googletest/src/gtest_main.cc
Note: Google Test filter = SharedMemoryTest.MoveConstruction
[==========] Running 1 test from 1 test suite.
[----------] Global test environment set-up.
[----------] 1 test from SharedMemoryTest
[ RUN      ] SharedMemoryTest.MoveConstruction
[       OK ] SharedMemoryTest.MoveConstruction (0 ms)
[----------] 1 test from SharedMemoryTest (0 ms total)

[----------] Global test environment tear-down
[==========] 1 test from 1 test suite ran. (0 ms total)
[  PASSED  ] 1 test.
<end of output>
Test time =   0.04 sec
----------------------------------------------------------
Test Passed.
"SharedMemoryTest.MoveConstruction" end time: Feb 12 18:17 GMT
"SharedMemoryTest.MoveConstruction" time elapsed: 00:00:00
----------------------------------------------------------

46/177 Testing: SharedMemoryTest.MoveAssignment
46/177 Test: SharedMemoryTest.MoveAssignment
Command: "/home/edwab/ws-camera-d/build/tests/camera_daemon_tests" "--gtest_filter=SharedMemoryTest.MoveAssignment" "--gtest_also_run_disabled_tests"
Directory: /home/edwab/ws-camera-d/build/tests
"SharedMemoryTest.MoveAssignment" start time: Feb 12 18:17 GMT
Output:
----------------------------------------------------------
Running main() from ./googletest/src/gtest_main.cc
Note: Google Test filter = SharedMemoryTest.MoveAssignment
[==========] Running 1 test from 1 test suite.
[----------] Global test environment set-up.
[----------] 1 test from SharedMemoryTest
[ RUN      ] SharedMemoryTest.MoveAssignment
[       OK ] SharedMemoryTest.MoveAssignment (0 ms)
[----------] 1 test from SharedMemoryTest (0 ms total)

[----------] Global test environment tear-down
[==========] 1 test from 1 test suite ran. (0 ms total)
[  PASSED  ] 1 test.
<end of output>
Test time =   0.05 sec
----------------------------------------------------------
Test Passed.
"SharedMemoryTest.MoveAssignment" end time: Feb 12 18:17 GMT
"SharedMemoryTest.MoveAssignment" time elapsed: 00:00:00
----------------------------------------------------------

47/177 Testing: FramePublisherHeaderTest.Size
47/177 Test: FramePublisherHeaderTest.Size
Command: "/home/edwab/ws-camera-d/build/tests/camera_daemon_tests" "--gtest_filter=FramePublisherHeaderTest.Size" "--gtest_also_run_disabled_tests"
Directory: /home/edwab/ws-camera-d/build/tests
"FramePublisherHeaderTest.Size" start time: Feb 12 18:17 GMT
Output:
----------------------------------------------------------
Running main() from ./googletest/src/gtest_main.cc
Note: Google Test filter = FramePublisherHeaderTest.Size
[==========] Running 1 test from 1 test suite.
[----------] Global test environment set-up.
[----------] 1 test from FramePublisherHeaderTest
[ RUN      ] FramePublisherHeaderTest.Size
[       OK ] FramePublisherHeaderTest.Size (0 ms)
[----------] 1 test from FramePublisherHeaderTest (0 ms total)

[----------] Global test environment tear-down
[==========] 1 test from 1 test suite ran. (0 ms total)
[  PASSED  ] 1 test.
<end of output>
Test time =   0.05 sec
----------------------------------------------------------
Test Passed.
"FramePublisherHeaderTest.Size" end time: Feb 12 18:17 GMT
"FramePublisherHeaderTest.Size" time elapsed: 00:00:00
----------------------------------------------------------

48/177 Testing: FramePublisherHeaderTest.AtomicSequence
48/177 Test: FramePublisherHeaderTest.AtomicSequence
Command: "/home/edwab/ws-camera-d/build/tests/camera_daemon_tests" "--gtest_filter=FramePublisherHeaderTest.AtomicSequence" "--gtest_also_run_disabled_tests"
Directory: /home/edwab/ws-camera-d/build/tests
"FramePublisherHeaderTest.AtomicSequence" start time: Feb 12 18:17 GMT
Output:
----------------------------------------------------------
Running main() from ./googletest/src/gtest_main.cc
Note: Google Test filter = FramePublisherHeaderTest.AtomicSequence
[==========] Running 1 test from 1 test suite.
[----------] Global test environment set-up.
[----------] 1 test from FramePublisherHeaderTest
[ RUN      ] FramePublisherHeaderTest.AtomicSequence
[       OK ] FramePublisherHeaderTest.AtomicSequence (0 ms)
[----------] 1 test from FramePublisherHeaderTest (0 ms total)

[----------] Global test environment tear-down
[==========] 1 test from 1 test suite ran. (0 ms total)
[  PASSED  ] 1 test.
<end of output>
Test time =   0.05 sec
----------------------------------------------------------
Test Passed.
"FramePublisherHeaderTest.AtomicSequence" end time: Feb 12 18:17 GMT
"FramePublisherHeaderTest.AtomicSequence" time elapsed: 00:00:00
----------------------------------------------------------

49/177 Testing: ConfigTest.DefaultsWhenFileNotFound
49/177 Test: ConfigTest.DefaultsWhenFileNotFound
Command: "/home/edwab/ws-camera-d/build/tests/camera_daemon_tests" "--gtest_filter=ConfigTest.DefaultsWhenFileNotFound" "--gtest_also_run_disabled_tests"
Directory: /home/edwab/ws-camera-d/build/tests
"ConfigTest.DefaultsWhenFileNotFound" start time: Feb 12 18:17 GMT
Output:
----------------------------------------------------------
Running main() from ./googletest/src/gtest_main.cc
Note: Google Test filter = ConfigTest.DefaultsWhenFileNotFound
[==========] Running 1 test from 1 test suite.
[----------] Global test environment set-up.
[----------] 1 test from ConfigTest
[ RUN      ] ConfigTest.DefaultsWhenFileNotFound
2026-02-12 18:17:32.190 [WARN ] config.cpp:38 - Could not open config file: /nonexistent/path/config.conf, using defaults
[       OK ] ConfigTest.DefaultsWhenFileNotFound (1 ms)
[----------] 1 test from ConfigTest (1 ms total)

[----------] Global test environment tear-down
[==========] 1 test from 1 test suite ran. (1 ms total)
[  PASSED  ] 1 test.
<end of output>
Test time =   0.05 sec
----------------------------------------------------------
Test Passed.
"ConfigTest.DefaultsWhenFileNotFound" end time: Feb 12 18:17 GMT
"ConfigTest.DefaultsWhenFileNotFound" time elapsed: 00:00:00
----------------------------------------------------------

50/177 Testing: ConfigTest.ParsesDaemonSection
50/177 Test: ConfigTest.ParsesDaemonSection
Command: "/home/edwab/ws-camera-d/build/tests/camera_daemon_tests" "--gtest_filter=ConfigTest.ParsesDaemonSection" "--gtest_also_run_disabled_tests"
Directory: /home/edwab/ws-camera-d/build/tests
"ConfigTest.ParsesDaemonSection" start time: Feb 12 18:17 GMT
Output:
----------------------------------------------------------
Running main() from ./googletest/src/gtest_main.cc
Note: Google Test filter = ConfigTest.ParsesDaemonSection
[==========] Running 1 test from 1 test suite.
[----------] Global test environment set-up.
[----------] 1 test from ConfigTest
[ RUN      ] ConfigTest.ParsesDaemonSection
2026-02-12 18:17:32.237 [INFO ] config.cpp:123 - Loaded config from: /tmp/camera_test_305330/test.conf
[       OK ] ConfigTest.ParsesDaemonSection (0 ms)
[----------] 1 test from ConfigTest (0 ms total)

[----------] Global test environment tear-down
[==========] 1 test from 1 test suite ran. (1 ms total)
[  PASSED  ] 1 test.
<end of output>
Test time =   0.05 sec
----------------------------------------------------------
Test Passed.
"ConfigTest.ParsesDaemonSection" end time: Feb 12 18:17 GMT
"ConfigTest.ParsesDaemonSection" time elapsed: 00:00:00
----------------------------------------------------------

51/177 Testing: ConfigTest.ParsesCameraSection
51/177 Test: ConfigTest.ParsesCameraSection
Command: "/home/edwab/ws-camera-d/build/tests/camera_daemon_tests" "--gtest_filter=ConfigTest.ParsesCameraSection" "--gtest_also_run_disabled_tests"
Directory: /home/edwab/ws-camera-d/build/tests
"ConfigTest.ParsesCameraSection" start time: Feb 12 18:17 GMT
Output:
----------------------------------------------------------
Running main() from ./googletest/src/gtest_main.cc
Note: Google Test filter = ConfigTest.ParsesCameraSection
[==========] Running 1 test from 1 test suite.
[----------] Global test environment set-up.
[----------] 1 test from ConfigTest
[ RUN      ] ConfigTest.ParsesCameraSection
2026-02-12 18:17:32.286 [INFO ] config.cpp:123 - Loaded config from: /tmp/camera_test_305333/test.conf
[       OK ] ConfigTest.ParsesCameraSection (0 ms)
[----------] 1 test from ConfigTest (0 ms total)

[----------] Global test environment tear-down
[==========] 1 test from 1 test suite ran. (1 ms total)
[  PASSED  ] 1 test.
<end of output>
Test time =   0.05 sec
----------------------------------------------------------
Test Passed.
"ConfigTest.ParsesCameraSection" end time: Feb 12 18:17 GMT
"ConfigTest.ParsesCameraSection" time elapsed: 00:00:00
----------------------------------------------------------

52/177 Testing: ConfigTest.IgnoresComments
52/177 Test: ConfigTest.IgnoresComments
Command: "/home/edwab/ws-camera-d/build/tests/camera_daemon_tests" "--gtest_filter=ConfigTest.IgnoresComments" "--gtest_also_run_disabled_tests"
Directory: /home/edwab/ws-camera-d/build/tests
"ConfigTest.IgnoresComments" start time: Feb 12 18:17 GMT
Output:
----------------------------------------------------------
Running main() from ./googletest/src/gtest_main.cc
Note: Google Test filter = ConfigTest.IgnoresComments
[==========] Running 1 test from 1 test suite.
[----------] Global test environment set-up.
[----------] 1 test from ConfigTest
[ RUN      ] ConfigTest.IgnoresComments
2026-02-12 18:17:32.335 [INFO ] config.cpp:123 - Loaded config from: /tmp/camera_test_305336/test.conf
[       OK ] ConfigTest.IgnoresComments (0 ms)
[----------] 1 test from ConfigTest (0 ms total)

[----------] Global test environment tear-down
[==========] 1 test from 1 test suite ran. (1 ms total)
[  PASSED  ] 1 test.
<end of output>
Test time =   0.05 sec
----------------------------------------------------------
Test Passed.
"ConfigTest.IgnoresComments" end time: Feb 12 18:17 GMT
"ConfigTest.IgnoresComments" time elapsed: 00:00:00
----------------------------------------------------------

53/177 Testing: ConfigTest.IgnoresEmptyLines
53/177 Test: ConfigTest.IgnoresEmptyLines
Command: "/home/edwab/ws-camera-d/build/tests/camera_daemon_tests" "--gtest_filter=ConfigTest.IgnoresEmptyLines" "--gtest_also_run_disabled_tests"
Directory: /home/edwab/ws-camera-d/build/tests
"ConfigTest.IgnoresEmptyLines" start time: Feb 12 18:17 GMT
Output:
----------------------------------------------------------
Running main() from ./googletest/src/gtest_main.cc
Note: Google Test filter = ConfigTest.IgnoresEmptyLines
[==========] Running 1 test from 1 test suite.
[----------] Global test environment set-up.
[----------] 1 test from ConfigTest
[ RUN      ] ConfigTest.IgnoresEmptyLines
2026-02-12 18:17:32.385 [INFO ] config.cpp:123 - Loaded config from: /tmp/camera_test_305339/test.conf
[       OK ] ConfigTest.IgnoresEmptyLines (1 ms)
[----------] 1 test from ConfigTest (1 ms total)

[----------] Global test environment tear-down
[==========] 1 test from 1 test suite ran. (1 ms total)
[  PASSED  ] 1 test.
<end of output>
Test time =   0.05 sec
----------------------------------------------------------
Test Passed.
"ConfigTest.IgnoresEmptyLines" end time: Feb 12 18:17 GMT
"ConfigTest.IgnoresEmptyLines" time elapsed: 00:00:00
----------------------------------------------------------

54/177 Testing: ConfigTest.TrimsWhitespace
54/177 Test: ConfigTest.TrimsWhitespace
Command: "/home/edwab/ws-camera-d/build/tests/camera_daemon_tests" "--gtest_filter=ConfigTest.TrimsWhitespace" "--gtest_also_run_disabled_tests"
Directory: /home/edwab/ws-camera-d/build/tests
"ConfigTest.TrimsWhitespace" start time: Feb 12 18:17 GMT
Output:
----------------------------------------------------------
Running main() from ./googletest/src/gtest_main.cc
Note: Google Test filter = ConfigTest.TrimsWhitespace
[==========] Running 1 test from 1 test suite.
[----------] Global test environment set-up.
[----------] 1 test from ConfigTest
[ RUN      ] ConfigTest.TrimsWhitespace
2026-02-12 18:17:32.435 [INFO ] config.cpp:123 - Loaded config from: /tmp/camera_test_305342/test.conf
[       OK ] ConfigTest.TrimsWhitespace (0 ms)
[----------] 1 test from ConfigTest (0 ms total)

[----------] Global test environment tear-down
[==========] 1 test from 1 test suite ran. (1 ms total)
[  PASSED  ] 1 test.
<end of output>
Test time =   0.05 sec
----------------------------------------------------------
Test Passed.
"ConfigTest.TrimsWhitespace" end time: Feb 12 18:17 GMT
"ConfigTest.TrimsWhitespace" time elapsed: 00:00:00
----------------------------------------------------------

55/177 Testing: ConfigTest.ParsesBooleans
55/177 Test: ConfigTest.ParsesBooleans
Command: "/home/edwab/ws-camera-d/build/tests/camera_daemon_tests" "--gtest_filter=ConfigTest.ParsesBooleans" "--gtest_also_run_disabled_tests"
Directory: /home/edwab/ws-camera-d/build/tests
"ConfigTest.ParsesBooleans" start time: Feb 12 18:17 GMT
Output:
----------------------------------------------------------
Running main() from ./googletest/src/gtest_main.cc
Note: Google Test filter = ConfigTest.ParsesBooleans
[==========] Running 1 test from 1 test suite.
[----------] Global test environment set-up.
[----------] 1 test from ConfigTest
[ RUN      ] ConfigTest.ParsesBooleans
2026-02-12 18:17:32.484 [INFO ] config.cpp:123 - Loaded config from: /tmp/camera_test_305345/test.conf
2026-02-12 18:17:32.485 [INFO ] config.cpp:123 - Loaded config from: /tmp/camera_test_305345/test.conf
2026-02-12 18:17:32.486 [INFO ] config.cpp:123 - Loaded config from: /tmp/camera_test_305345/test.conf
2026-02-12 18:17:32.487 [INFO ] config.cpp:123 - Loaded config from: /tmp/camera_test_305345/test.conf
[       OK ] ConfigTest.ParsesBooleans (3 ms)
[----------] 1 test from ConfigTest (3 ms total)

[----------] Global test environment tear-down
[==========] 1 test from 1 test suite ran. (3 ms total)
[  PASSED  ] 1 test.
<end of output>
Test time =   0.05 sec
----------------------------------------------------------
Test Passed.
"ConfigTest.ParsesBooleans" end time: Feb 12 18:17 GMT
"ConfigTest.ParsesBooleans" time elapsed: 00:00:00
----------------------------------------------------------

56/177 Testing: ConfigTest.HandlesInvalidLines
56/177 Test: ConfigTest.HandlesInvalidLines
Command: "/home/edwab/ws-camera-d/build/tests/camera_daemon_tests" "--gtest_filter=ConfigTest.HandlesInvalidLines" "--gtest_also_run_disabled_tests"
Directory: /home/edwab/ws-camera-d/build/tests
"ConfigTest.HandlesInvalidLines" start time: Feb 12 18:17 GMT
Output:
----------------------------------------------------------
Running main() from ./googletest/src/gtest_main.cc
Note: Google Test filter = ConfigTest.HandlesInvalidLines
[==========] Running 1 test from 1 test suite.
[----------] Global test environment set-up.
[----------] 1 test from ConfigTest
[ RUN      ] ConfigTest.HandlesInvalidLines
2026-02-12 18:17:32.537 [INFO ] config.cpp:123 - Loaded config from: /tmp/camera_test_305348/test.conf
[       OK ] ConfigTest.HandlesInvalidLines (0 ms)
[----------] 1 test from ConfigTest (0 ms total)

[----------] Global test environment tear-down
[==========] 1 test from 1 test suite ran. (0 ms total)
[  PASSED  ] 1 test.
<end of output>
Test time =   0.05 sec
----------------------------------------------------------
Test Passed.
"ConfigTest.HandlesInvalidLines" end time: Feb 12 18:17 GMT
"ConfigTest.HandlesInvalidLines" time elapsed: 00:00:00
----------------------------------------------------------

57/177 Testing: ConfigTest.HandlesUnknownKeys
57/177 Test: ConfigTest.HandlesUnknownKeys
Command: "/home/edwab/ws-camera-d/build/tests/camera_daemon_tests" "--gtest_filter=ConfigTest.HandlesUnknownKeys" "--gtest_also_run_disabled_tests"
Directory: /home/edwab/ws-camera-d/build/tests
"ConfigTest.HandlesUnknownKeys" start time: Feb 12 18:17 GMT
Output:
----------------------------------------------------------
Running main() from ./googletest/src/gtest_main.cc
Note: Google Test filter = ConfigTest.HandlesUnknownKeys
[==========] Running 1 test from 1 test suite.
[----------] Global test environment set-up.
[----------] 1 test from ConfigTest
[ RUN      ] ConfigTest.HandlesUnknownKeys
2026-02-12 18:17:32.586 [INFO ] config.cpp:123 - Loaded config from: /tmp/camera_test_305351/test.conf
[       OK ] ConfigTest.HandlesUnknownKeys (1 ms)
[----------] 1 test from ConfigTest (1 ms total)

[----------] Global test environment tear-down
[==========] 1 test from 1 test suite ran. (1 ms total)
[  PASSED  ] 1 test.
<end of output>
Test time =   0.05 sec
----------------------------------------------------------
Test Passed.
"ConfigTest.HandlesUnknownKeys" end time: Feb 12 18:17 GMT
"ConfigTest.HandlesUnknownKeys" time elapsed: 00:00:00
----------------------------------------------------------

58/177 Testing: ConfigTest.ParsesShmNames
58/177 Test: ConfigTest.ParsesShmNames
Command: "/home/edwab/ws-camera-d/build/tests/camera_daemon_tests" "--gtest_filter=ConfigTest.ParsesShmNames" "--gtest_also_run_disabled_tests"
Directory: /home/edwab/ws-camera-d/build/tests
"ConfigTest.ParsesShmNames" start time: Feb 12 18:17 GMT
Output:
----------------------------------------------------------
Running main() from ./googletest/src/gtest_main.cc
Note: Google Test filter = ConfigTest.ParsesShmNames
[==========] Running 1 test from 1 test suite.
[----------] Global test environment set-up.
[----------] 1 test from ConfigTest
[ RUN      ] ConfigTest.ParsesShmNames
2026-02-12 18:17:32.637 [INFO ] config.cpp:123 - Loaded config from: /tmp/camera_test_305354/test.conf
[       OK ] ConfigTest.ParsesShmNames (0 ms)
[----------] 1 test from ConfigTest (0 ms total)

[----------] Global test environment tear-down
[==========] 1 test from 1 test suite ran. (1 ms total)
[  PASSED  ] 1 test.
<end of output>
Test time =   0.05 sec
----------------------------------------------------------
Test Passed.
"ConfigTest.ParsesShmNames" end time: Feb 12 18:17 GMT
"ConfigTest.ParsesShmNames" time elapsed: 00:00:00
----------------------------------------------------------

59/177 Testing: ConfigTest.DefaultSectionWithoutHeader
59/177 Test: ConfigTest.DefaultSectionWithoutHeader
Command: "/home/edwab/ws-camera-d/build/tests/camera_daemon_tests" "--gtest_filter=ConfigTest.DefaultSectionWithoutHeader" "--gtest_also_run_disabled_tests"
Directory: /home/edwab/ws-camera-d/build/tests
"ConfigTest.DefaultSectionWithoutHeader" start time: Feb 12 18:17 GMT
Output:
----------------------------------------------------------
Running main() from ./googletest/src/gtest_main.cc
Note: Google Test filter = ConfigTest.DefaultSectionWithoutHeader
[==========] Running 1 test from 1 test suite.
[----------] Global test environment set-up.
[----------] 1 test from ConfigTest
[ RUN      ] ConfigTest.DefaultSectionWithoutHeader
2026-02-12 18:17:32.686 [INFO ] config.cpp:123 - Loaded config from: /tmp/camera_test_305357/test.conf
[       OK ] ConfigTest.DefaultSectionWithoutHeader (0 ms)
[----------] 1 test from ConfigTest (0 ms total)

[----------] Global test environment tear-down
[==========] 1 test from 1 test suite ran. (1 ms total)
[  PASSED  ] 1 test.
<end of output>
Test time =   0.05 sec
----------------------------------------------------------
Test Passed.
"ConfigTest.DefaultSectionWithoutHeader" end time: Feb 12 18:17 GMT
"ConfigTest.DefaultSectionWithoutHeader" time elapsed: 00:00:00
----------------------------------------------------------

60/177 Testing: StillCaptureConfigTest.DefaultValues
60/177 Test: StillCaptureConfigTest.DefaultValues
Command: "/home/edwab/ws-camera-d/build/tests/camera_daemon_tests" "--gtest_filter=StillCaptureConfigTest.DefaultValues" "--gtest_also_run_disabled_tests"
Directory: /home/edwab/ws-camera-d/build/tests
"StillCaptureConfigTest.DefaultValues" start time: Feb 12 18:17 GMT
Output:
----------------------------------------------------------
Running main() from ./googletest/src/gtest_main.cc
Note: Google Test filter = StillCaptureConfigTest.DefaultValues
[==========] Running 1 test from 1 test suite.
[----------] Global test environment set-up.
[----------] 1 test from StillCaptureConfigTest
[ RUN      ] StillCaptureConfigTest.DefaultValues
[       OK ] StillCaptureConfigTest.DefaultValues (0 ms)
[----------] 1 test from StillCaptureConfigTest (0 ms total)

[----------] Global test environment tear-down
[==========] 1 test from 1 test suite ran. (0 ms total)
[  PASSED  ] 1 test.
<end of output>
Test time =   0.05 sec
----------------------------------------------------------
Test Passed.
"StillCaptureConfigTest.DefaultValues" end time: Feb 12 18:17 GMT
"StillCaptureConfigTest.DefaultValues" time elapsed: 00:00:00
----------------------------------------------------------

61/177 Testing: StillCaptureConfigTest.CustomValues
61/177 Test: StillCaptureConfigTest.CustomValues
Command: "/home/edwab/ws-camera-d/build/tests/camera_daemon_tests" "--gtest_filter=StillCaptureConfigTest.CustomValues" "--gtest_also_run_disabled_tests"
Directory: /home/edwab/ws-camera-d/build/tests
"StillCaptureConfigTest.CustomValues" start time: Feb 12 18:17 GMT
Output:
----------------------------------------------------------
Running main() from ./googletest/src/gtest_main.cc
Note: Google Test filter = StillCaptureConfigTest.CustomValues
[==========] Running 1 test from 1 test suite.
[----------] Global test environment set-up.
[----------] 1 test from StillCaptureConfigTest
[ RUN      ] StillCaptureConfigTest.CustomValues
[       OK ] StillCaptureConfigTest.CustomValues (0 ms)
[----------] 1 test from StillCaptureConfigTest (0 ms total)

[----------] Global test environment tear-down
[==========] 1 test from 1 test suite ran. (0 ms total)
[  PASSED  ] 1 test.
<end of output>
Test time =   0.05 sec
----------------------------------------------------------
Test Passed.
"StillCaptureConfigTest.CustomValues" end time: Feb 12 18:17 GMT
"StillCaptureConfigTest.CustomValues" time elapsed: 00:00:00
----------------------------------------------------------

62/177 Testing: StillCaptureStatsTest.DefaultValues
62/177 Test: StillCaptureStatsTest.DefaultValues
Command: "/home/edwab/ws-camera-d/build/tests/camera_daemon_tests" "--gtest_filter=StillCaptureStatsTest.DefaultValues" "--gtest_also_run_disabled_tests"
Directory: /home/edwab/ws-camera-d/build/tests
"StillCaptureStatsTest.DefaultValues" start time: Feb 12 18:17 GMT
Output:
----------------------------------------------------------
Running main() from ./googletest/src/gtest_main.cc
Note: Google Test filter = StillCaptureStatsTest.DefaultValues
[==========] Running 1 test from 1 test suite.
[----------] Global test environment set-up.
[----------] 1 test from StillCaptureStatsTest
[ RUN      ] StillCaptureStatsTest.DefaultValues
[       OK ] StillCaptureStatsTest.DefaultValues (0 ms)
[----------] 1 test from StillCaptureStatsTest (0 ms total)

[----------] Global test environment tear-down
[==========] 1 test from 1 test suite ran. (0 ms total)
[  PASSED  ] 1 test.
<end of output>
Test time =   0.04 sec
----------------------------------------------------------
Test Passed.
"StillCaptureStatsTest.DefaultValues" end time: Feb 12 18:17 GMT
"StillCaptureStatsTest.DefaultValues" time elapsed: 00:00:00
----------------------------------------------------------

63/177 Testing: StillCaptureStatsTest.SetValues
63/177 Test: StillCaptureStatsTest.SetValues
Command: "/home/edwab/ws-camera-d/build/tests/camera_daemon_tests" "--gtest_filter=StillCaptureStatsTest.SetValues" "--gtest_also_run_disabled_tests"
Directory: /home/edwab/ws-camera-d/build/tests
"StillCaptureStatsTest.SetValues" start time: Feb 12 18:17 GMT
Output:
----------------------------------------------------------
Running main() from ./googletest/src/gtest_main.cc
Note: Google Test filter = StillCaptureStatsTest.SetValues
[==========] Running 1 test from 1 test suite.
[----------] Global test environment set-up.
[----------] 1 test from StillCaptureStatsTest
[ RUN      ] StillCaptureStatsTest.SetValues
[       OK ] StillCaptureStatsTest.SetValues (0 ms)
[----------] 1 test from StillCaptureStatsTest (0 ms total)

[----------] Global test environment tear-down
[==========] 1 test from 1 test suite ran. (0 ms total)
[  PASSED  ] 1 test.
<end of output>
Test time =   0.05 sec
----------------------------------------------------------
Test Passed.
"StillCaptureStatsTest.SetValues" end time: Feb 12 18:17 GMT
"StillCaptureStatsTest.SetValues" time elapsed: 00:00:00
----------------------------------------------------------

64/177 Testing: ClipExtractorConfigTest.DefaultValues
64/177 Test: ClipExtractorConfigTest.DefaultValues
Command: "/home/edwab/ws-camera-d/build/tests/camera_daemon_tests" "--gtest_filter=ClipExtractorConfigTest.DefaultValues" "--gtest_also_run_disabled_tests"
Directory: /home/edwab/ws-camera-d/build/tests
"ClipExtractorConfigTest.DefaultValues" start time: Feb 12 18:17 GMT
Output:
----------------------------------------------------------
Running main() from ./googletest/src/gtest_main.cc
Note: Google Test filter = ClipExtractorConfigTest.DefaultValues
[==========] Running 1 test from 1 test suite.
[----------] Global test environment set-up.
[----------] 1 test from ClipExtractorConfigTest
[ RUN      ] ClipExtractorConfigTest.DefaultValues
[       OK ] ClipExtractorConfigTest.DefaultValues (0 ms)
[----------] 1 test from ClipExtractorConfigTest (0 ms total)

[----------] Global test environment tear-down
[==========] 1 test from 1 test suite ran. (0 ms total)
[  PASSED  ] 1 test.
<end of output>
Test time =   0.05 sec
----------------------------------------------------------
Test Passed.
"ClipExtractorConfigTest.DefaultValues" end time: Feb 12 18:17 GMT
"ClipExtractorConfigTest.DefaultValues" time elapsed: 00:00:00
----------------------------------------------------------

65/177 Testing: ClipExtractorConfigTest.CustomValues
65/177 Test: ClipExtractorConfigTest.CustomValues
Command: "/home/edwab/ws-camera-d/build/tests/camera_daemon_tests" "--gtest_filter=ClipExtractorConfigTest.CustomValues" "--gtest_also_run_disabled_tests"
Directory: /home/edwab/ws-camera-d/build/tests
"ClipExtractorConfigTest.CustomValues" start time: Feb 12 18:17 GMT
Output:
----------------------------------------------------------
Running main() from ./googletest/src/gtest_main.cc
Note: Google Test filter = ClipExtractorConfigTest.CustomValues
[==========] Running 1 test from 1 test suite.
[----------] Global test environment set-up.
[...]
[24:05:25.471003510] [305887] [1;32m INFO [1;37mIPAProxy [1;34mipa_proxy.cpp:180 [0mUsing tuning file /usr/share/libcamera/ipa/rpi/vc4/imx219.json
[24:05:25.479679040] [305887] [1;32m INFO [1;37mCamera [1;34mcamera_manager.cpp:220 [0mAdding camera '/base/soc/i2c0mux/i2c@1/imx219@10' for pipeline handler rpi/vc4
[24:05:25.479798095] [305887] [1;32m INFO [1;37mRPI [1;34mvc4.cpp:440 [0mRegistered camera /base/soc/i2c0mux/i2c@1/imx219@10 to Unicam device /dev/media0 and ISP device /dev/media2
2026-02-12 18:17:54.545 [INFO ] capture_pipeline.cpp:188 - Initializing capture pipeline
2026-02-12 18:17:54.545 [INFO ] camera_manager.cpp:32 - Initializing camera manager
2026-02-12 18:17:54.545 [INFO ] camera_manager.cpp:46 - Using default tuning file
[24:05:25.482772610] [305884] [1;32m INFO [1;37mCamera [1;34mcamera_manager.cpp:330 [0mlibcamera v0.5.2+99-bfd68f78
[24:05:25.497186191] [305890] [1;31mERROR [1;37mV4L2 [1;34mv4l2_device.cpp:390 [0;32m'imx219 10-0010': [0mUnable to set controls: Device or resource busy
[24:05:25.507291858] [305890] [1;32m INFO [1;37mIPAProxy [1;34mipa_proxy.cpp:180 [0mUsing tuning file /usr/share/libcamera/ipa/rpi/vc4/imx219.json
[24:05:25.513712479] [305890] [1;32m INFO [1;37mCamera [1;34mcamera_manager.cpp:220 [0mAdding camera '/base/soc/i2c0mux/i2c@1/imx219@10' for pipeline handler rpi/vc4
[24:05:25.513804293] [305890] [1;32m INFO [1;37mRPI [1;34mvc4.cpp:440 [0mRegistered camera /base/soc/i2c0mux/i2c@1/imx219@10 to Unicam device /dev/media0 and ISP device /dev/media2
2026-02-12 18:17:54.577 [INFO ] camera_manager.cpp:63 - Found 1 camera(s)
[24:05:25.514302548] [305884] [1;32m INFO [1;37mCamera [1;34mcamera.cpp:1020 [0mPipeline handler in use by another process
2026-02-12 18:17:54.577 [ERROR] camera_manager.cpp:70 - Failed to acquire camera: -16
2026-02-12 18:17:54.577 [ERROR] capture_pipeline.cpp:193 - Failed to initialize camera manager
/home/edwab/ws-camera-d/tests/test_full_integration.cpp:568: Failure
Value of: pipeline.initialize()
  Actual: false
Expected: true
[  FAILED  ] CapturePipelineIntegrationTest.StressTestMultipleStills (72 ms)
[----------] 1 test from CapturePipelineIntegrationTest (72 ms total)

[----------] Global test environment tear-down
[==========] 1 test from 1 test suite ran. (72 ms total)
[  PASSED  ] 0 tests.
[  FAILED  ] 1 test, listed below:
[  FAILED  ] CapturePipelineIntegrationTest.StressTestMultipleStills

 1 FAILED TEST
<end of output>
Test time =   0.12 sec
----------------------------------------------------------
Test Failed.
"CapturePipelineIntegrationTest.StressTestMultipleStills" end time: Feb 12 18:17 GMT
"CapturePipelineIntegrationTest.StressTestMultipleStills" time elapsed: 00:00:00
----------------------------------------------------------

173/177 Testing: CapturePipelineIntegrationTest.LongRunningCapture
173/177 Test: CapturePipelineIntegrationTest.LongRunningCapture
Command: "/home/edwab/ws-camera-d/build/tests/camera_daemon_tests" "--gtest_filter=CapturePipelineIntegrationTest.LongRunningCapture" "--gtest_also_run_disabled_tests"
Directory: /home/edwab/ws-camera-d/build/tests
"CapturePipelineIntegrationTest.LongRunningCapture" start time: Feb 12 18:17 GMT
Output:
----------------------------------------------------------
Running main() from ./googletest/src/gtest_main.cc
Note: Google Test filter = CapturePipelineIntegrationTest.LongRunningCapture
[==========] Running 1 test from 1 test suite.
[----------] Global test environment set-up.
[----------] 1 test from CapturePipelineIntegrationTest
[ RUN      ] CapturePipelineIntegrationTest.LongRunningCapture
[24:05:25.566702631] [305893] [1;32m INFO [1;37mCamera [1;34mcamera_manager.cpp:330 [0mlibcamera v0.5.2+99-bfd68f78
[24:05:25.582771941] [305896] [1;31mERROR [1;37mV4L2 [1;34mv4l2_device.cpp:390 [0;32m'imx219 10-0010': [0mUnable to set controls: Device or resource busy
[24:05:25.594891316] [305896] [1;32m INFO [1;37mIPAProxy [1;34mipa_proxy.cpp:180 [0mUsing tuning file /usr/share/libcamera/ipa/rpi/vc4/imx219.json
[24:05:25.602188411] [305896] [1;32m INFO [1;37mCamera [1;34mcamera_manager.cpp:220 [0mAdding camera '/base/soc/i2c0mux/i2c@1/imx219@10' for pipeline handler rpi/vc4
[24:05:25.602243781] [305896] [1;32m INFO [1;37mRPI [1;34mvc4.cpp:440 [0mRegistered camera /base/soc/i2c0mux/i2c@1/imx219@10 to Unicam device /dev/media0 and ISP device /dev/media2
2026-02-12 18:17:54.667 [INFO ] capture_pipeline.cpp:188 - Initializing capture pipeline
2026-02-12 18:17:54.667 [INFO ] camera_manager.cpp:32 - Initializing camera manager
2026-02-12 18:17:54.667 [INFO ] camera_manager.cpp:46 - Using default tuning file
[24:05:25.604436469] [305893] [1;32m INFO [1;37mCamera [1;34mcamera_manager.cpp:330 [0mlibcamera v0.5.2+99-bfd68f78
[24:05:25.619544156] [305899] [1;31mERROR [1;37mV4L2 [1;34mv4l2_device.cpp:390 [0;32m'imx219 10-0010': [0mUnable to set controls: Device or resource busy
[24:05:25.630467743] [305899] [1;32m INFO [1;37mIPAProxy [1;34mipa_proxy.cpp:180 [0mUsing tuning file /usr/share/libcamera/ipa/rpi/vc4/imx219.json
[24:05:25.637410915] [305899] [1;32m INFO [1;37mCamera [1;34mcamera_manager.cpp:220 [0mAdding camera '/base/soc/i2c0mux/i2c@1/imx219@10' for pipeline handler rpi/vc4
[24:05:25.637462470] [305899] [1;32m INFO [1;37mRPI [1;34mvc4.cpp:440 [0mRegistered camera /base/soc/i2c0mux/i2c@1/imx219@10 to Unicam device /dev/media0 and ISP device /dev/media2
2026-02-12 18:17:54.701 [INFO ] camera_manager.cpp:63 - Found 1 camera(s)
[24:05:25.637770653] [305893] [1;32m INFO [1;37mCamera [1;34mcamera.cpp:1020 [0mPipeline handler in use by another process
2026-02-12 18:17:54.701 [ERROR] camera_manager.cpp:70 - Failed to acquire camera: -16
2026-02-12 18:17:54.701 [ERROR] capture_pipeline.cpp:193 - Failed to initialize camera manager
/home/edwab/ws-camera-d/tests/test_full_integration.cpp:596: Failure
Value of: pipeline.initialize()
  Actual: false
Expected: true
[  FAILED  ] CapturePipelineIntegrationTest.LongRunningCapture (73 ms)
[----------] 1 test from CapturePipelineIntegrationTest (73 ms total)

[----------] Global test environment tear-down
[==========] 1 test from 1 test suite ran. (73 ms total)
[  PASSED  ] 0 tests.
[  FAILED  ] 1 test, listed below:
[  FAILED  ] CapturePipelineIntegrationTest.LongRunningCapture

 1 FAILED TEST
<end of output>
Test time =   0.12 sec
----------------------------------------------------------
Test Failed.
"CapturePipelineIntegrationTest.LongRunningCapture" end time: Feb 12 18:17 GMT
"CapturePipelineIntegrationTest.LongRunningCapture" time elapsed: 00:00:00
----------------------------------------------------------

174/177 Testing: RTSPServerIntegrationTest.StartStop
174/177 Test: RTSPServerIntegrationTest.StartStop
Command: "/home/edwab/ws-camera-d/build/tests/camera_daemon_tests" "--gtest_filter=RTSPServerIntegrationTest.StartStop" "--gtest_also_run_disabled_tests"
Directory: /home/edwab/ws-camera-d/build/tests
"RTSPServerIntegrationTest.StartStop" start time: Feb 12 18:17 GMT
Output:
----------------------------------------------------------
Running main() from ./googletest/src/gtest_main.cc
Note: Google Test filter = RTSPServerIntegrationTest.StartStop
[==========] Running 1 test from 1 test suite.
[----------] Global test environment set-up.
[----------] 1 test from RTSPServerIntegrationTest
[ RUN      ] RTSPServerIntegrationTest.StartStop
2026-02-12 18:17:54.897 [INFO ] rtsp_server.cpp:183 - RTSP server started on port 18554
2026-02-12 18:17:54.897 [INFO ] rtsp_server.cpp:184 - Connect with: vlc rtsp://localhost:18554/camera
2026-02-12 18:17:54.897 [INFO ] rtsp_server.cpp:234 - Stopping stream server
2026-02-12 18:17:54.898 [INFO ] rtsp_server.cpp:289 - Stream server stopped
[       OK ] RTSPServerIntegrationTest.StartStop (145 ms)
[----------] 1 test from RTSPServerIntegrationTest (145 ms total)

[----------] Global test environment tear-down
[==========] 1 test from 1 test suite ran. (146 ms total)
[  PASSED  ] 1 test.
<end of output>
Test time =   0.20 sec
----------------------------------------------------------
Test Passed.
"RTSPServerIntegrationTest.StartStop" end time: Feb 12 18:17 GMT
"RTSPServerIntegrationTest.StartStop" time elapsed: 00:00:00
----------------------------------------------------------

175/177 Testing: RTSPServerIntegrationTest.PushFrames
175/177 Test: RTSPServerIntegrationTest.PushFrames
Command: "/home/edwab/ws-camera-d/build/tests/camera_daemon_tests" "--gtest_filter=RTSPServerIntegrationTest.PushFrames" "--gtest_also_run_disabled_tests"
Directory: /home/edwab/ws-camera-d/build/tests
"RTSPServerIntegrationTest.PushFrames" start time: Feb 12 18:17 GMT
Output:
----------------------------------------------------------
Running main() from ./googletest/src/gtest_main.cc
Note: Google Test filter = RTSPServerIntegrationTest.PushFrames
[==========] Running 1 test from 1 test suite.
[----------] Global test environment set-up.
[----------] 1 test from RTSPServerIntegrationTest
[ RUN      ] RTSPServerIntegrationTest.PushFrames
2026-02-12 18:17:54.974 [INFO ] rtsp_server.cpp:183 - RTSP server started on port 18555
2026-02-12 18:17:54.974 [INFO ] rtsp_server.cpp:184 - Connect with: vlc rtsp://localhost:18555/camera
2026-02-12 18:17:54.974 [INFO ] rtsp_server.cpp:234 - Stopping stream server
2026-02-12 18:17:54.975 [INFO ] rtsp_server.cpp:289 - Stream server stopped
[       OK ] RTSPServerIntegrationTest.PushFrames (28 ms)
[----------] 1 test from RTSPServerIntegrationTest (28 ms total)

[----------] Global test environment tear-down
[==========] 1 test from 1 test suite ran. (28 ms total)
[  PASSED  ] 1 test.
<end of output>
Test time =   0.08 sec
----------------------------------------------------------
Test Passed.
"RTSPServerIntegrationTest.PushFrames" end time: Feb 12 18:17 GMT
"RTSPServerIntegrationTest.PushFrames" time elapsed: 00:00:00
----------------------------------------------------------

176/177 Testing: RTSPServerIntegrationTest.FullPipelineWithRTSP
176/177 Test: RTSPServerIntegrationTest.FullPipelineWithRTSP
Command: "/home/edwab/ws-camera-d/build/tests/camera_daemon_tests" "--gtest_filter=RTSPServerIntegrationTest.FullPipelineWithRTSP" "--gtest_also_run_disabled_tests"
Directory: /home/edwab/ws-camera-d/build/tests
"RTSPServerIntegrationTest.FullPipelineWithRTSP" start time: Feb 12 18:17 GMT
Output:
----------------------------------------------------------
Running main() from ./googletest/src/gtest_main.cc
Note: Google Test filter = RTSPServerIntegrationTest.FullPipelineWithRTSP
[==========] Running 1 test from 1 test suite.
[----------] Global test environment set-up.
[----------] 1 test from RTSPServerIntegrationTest
[ RUN      ] RTSPServerIntegrationTest.FullPipelineWithRTSP
[24:05:25.960311222] [305911] [1;32m INFO [1;37mCamera [1;34mcamera_manager.cpp:330 [0mlibcamera v0.5.2+99-bfd68f78
[24:05:25.977972020] [305914] [1;31mERROR [1;37mV4L2 [1;34mv4l2_device.cpp:390 [0;32m'imx219 10-0010': [0mUnable to set controls: Device or resource busy
[24:05:25.990067858] [305914] [1;32m INFO [1;37mIPAProxy [1;34mipa_proxy.cpp:180 [0mUsing tuning file /usr/share/libcamera/ipa/rpi/vc4/imx219.json
[24:05:25.996927753] [305914] [1;32m INFO [1;37mCamera [1;34mcamera_manager.cpp:220 [0mAdding camera '/base/soc/i2c0mux/i2c@1/imx219@10' for pipeline handler rpi/vc4
[24:05:25.996979493] [305914] [1;32m INFO [1;37mRPI [1;34mvc4.cpp:440 [0mRegistered camera /base/soc/i2c0mux/i2c@1/imx219@10 to Unicam device /dev/media0 and ISP device /dev/media2
2026-02-12 18:17:55.162 [INFO ] capture_pipeline.cpp:188 - Initializing capture pipeline
2026-02-12 18:17:55.162 [INFO ] camera_manager.cpp:32 - Initializing camera manager
2026-02-12 18:17:55.162 [INFO ] camera_manager.cpp:46 - Using default tuning file
[24:05:26.100352392] [305911] [1;32m INFO [1;37mCamera [1;34mcamera_manager.cpp:330 [0mlibcamera v0.5.2+99-bfd68f78
[24:05:26.114773213] [305917] [1;31mERROR [1;37mV4L2 [1;34mv4l2_device.cpp:390 [0;32m'imx219 10-0010': [0mUnable to set controls: Device or resource busy
[24:05:26.124404921] [305917] [1;32m INFO [1;37mIPAProxy [1;34mipa_proxy.cpp:180 [0mUsing tuning file /usr/share/libcamera/ipa/rpi/vc4/imx219.json
[24:05:26.130210324] [305917] [1;32m INFO [1;37mCamera [1;34mcamera_manager.cpp:220 [0mAdding camera '/base/soc/i2c0mux/i2c@1/imx219@10' for pipeline handler rpi/vc4
[24:05:26.130296434] [305917] [1;32m INFO [1;37mRPI [1;34mvc4.cpp:440 [0mRegistered camera /base/soc/i2c0mux/i2c@1/imx219@10 to Unicam device /dev/media0 and ISP device /dev/media2
2026-02-12 18:17:55.194 [INFO ] camera_manager.cpp:63 - Found 1 camera(s)
[24:05:26.130837078] [305911] [1;32m INFO [1;37mCamera [1;34mcamera.cpp:1020 [0mPipeline handler in use by another process
2026-02-12 18:17:55.194 [ERROR] camera_manager.cpp:70 - Failed to acquire camera: -16
2026-02-12 18:17:55.194 [ERROR] capture_pipeline.cpp:193 - Failed to initialize camera manager
/home/edwab/ws-camera-d/tests/test_full_integration.cpp:542: Failure
Value of: pipeline.initialize()
  Actual: false
Expected: true
[  FAILED  ] RTSPServerIntegrationTest.FullPipelineWithRTSP (172 ms)
[----------] 1 test from RTSPServerIntegrationTest (172 ms total)

[----------] Global test environment tear-down
[==========] 1 test from 1 test suite ran. (172 ms total)
[  PASSED  ] 0 tests.
[  FAILED  ] 1 test, listed below:
[  FAILED  ] RTSPServerIntegrationTest.FullPipelineWithRTSP

 1 FAILED TEST
<end of output>
Test time =   0.22 sec
----------------------------------------------------------
Test Failed.
"RTSPServerIntegrationTest.FullPipelineWithRTSP" end time: Feb 12 18:17 GMT
"RTSPServerIntegrationTest.FullPipelineWithRTSP" time elapsed: 00:00:00
----------------------------------------------------------

177/177 Testing: DaemonIntegrationTests
177/177 Test: DaemonIntegrationTests
Command: "/home/edwab/ws-camera-d/build/tests/daemon_integration_tests"
Directory: /home/edwab/ws-camera-d/build/tests
"DaemonIntegrationTests" start time: Feb 12 18:17 GMT
Output:
----------------------------------------------------------
Running main() from ./googletest/src/gtest_main.cc
[==========] Running 11 tests from 1 test suite.
[----------] Global test environment set-up.
[----------] 11 tests from SharedDaemonTest
[24:05:26.181654839] [305920] [1;32m INFO [1;37mCamera [1;34mcamera_manager.cpp:330 [0mlibcamera v0.5.2+99-bfd68f78
[24:05:26.197311133] [305923] [1;31mERROR [1;37mV4L2 [1;34mv4l2_device.cpp:390 [0;32m'imx219 10-0010': [0mUnable to set controls: Device or resource busy
[24:05:26.207470430] [305923] [1;32m INFO [1;37mIPAProxy [1;34mipa_proxy.cpp:180 [0mUsing tuning file /usr/share/libcamera/ipa/rpi/vc4/imx219.json
[24:05:26.215939350] [305923] [1;32m INFO [1;37mCamera [1;34mcamera_manager.cpp:220 [0mAdding camera '/base/soc/i2c0mux/i2c@1/imx219@10' for pipeline handler rpi/vc4
[24:05:26.216138738] [305923] [1;32m INFO [1;37mRPI [1;34mvc4.cpp:440 [0mRegistered camera /base/soc/i2c0mux/i2c@1/imx219@10 to Unicam device /dev/media0 and ISP device /dev/media2
2026-02-12 18:17:55.382 [INFO ] capture_pipeline.cpp:188 - Initializing capture pipeline
2026-02-12 18:17:55.382 [INFO ] camera_manager.cpp:32 - Initializing camera manager
2026-02-12 18:17:55.382 [INFO ] camera_manager.cpp:46 - Using default tuning file
[24:05:26.319420767] [305920] [1;32m INFO [1;37mCamera [1;34mcamera_manager.cpp:330 [0mlibcamera v0.5.2+99-bfd68f78
[24:05:26.334801285] [305926] [1;31mERROR [1;37mV4L2 [1;34mv4l2_device.cpp:390 [0;32m'imx219 10-0010': [0mUnable to set controls: Device or resource busy
[24:05:26.345495374] [305926] [1;32m INFO [1;37mIPAProxy [1;34mipa_proxy.cpp:180 [0mUsing tuning file /usr/share/libcamera/ipa/rpi/vc4/imx219.json
[24:05:26.350995371] [305926] [1;32m INFO [1;37mCamera [1;34mcamera_manager.cpp:220 [0mAdding camera '/base/soc/i2c0mux/i2c@1/imx219@10' for pipeline handler rpi/vc4
[24:05:26.351047000] [305926] [1;32m INFO [1;37mRPI [1;34mvc4.cpp:440 [0mRegistered camera /base/soc/i2c0mux/i2c@1/imx219@10 to Unicam device /dev/media0 and ISP device /dev/media2
2026-02-12 18:17:55.414 [INFO ] camera_manager.cpp:63 - Found 1 camera(s)
[24:05:26.351313017] [305920] [1;32m INFO [1;37mCamera [1;34mcamera.cpp:1020 [0mPipeline handler in use by another process
2026-02-12 18:17:55.414 [ERROR] camera_manager.cpp:70 - Failed to acquire camera: -16
2026-02-12 18:17:55.414 [ERROR] capture_pipeline.cpp:193 - Failed to initialize camera manager
Failed to initialize pipeline
[ RUN      ] SharedDaemonTest.ClientCanConnect
/home/edwab/ws-camera-d/tests/test_daemon_integration.cpp:167: Skipped
Daemon failed to start
[  SKIPPED ] SharedDaemonTest.ClientCanConnect (0 ms)
[ RUN      ] SharedDaemonTest.MultipleClientsCanConnect
/home/edwab/ws-camera-d/tests/test_daemon_integration.cpp:167: Skipped
Daemon failed to start
[  SKIPPED ] SharedDaemonTest.MultipleClientsCanConnect (0 ms)
[ RUN      ] SharedDaemonTest.CaptureStillViaSocket
/home/edwab/ws-camera-d/tests/test_daemon_integration.cpp:167: Skipped
Daemon failed to start
[  SKIPPED ] SharedDaemonTest.CaptureStillViaSocket (0 ms)
[ RUN      ] SharedDaemonTest.CaptureStillWithTimeOffset
/home/edwab/ws-camera-d/tests/test_daemon_integration.cpp:167: Skipped
Daemon failed to start
[  SKIPPED ] SharedDaemonTest.CaptureStillWithTimeOffset (0 ms)
[ RUN      ] SharedDaemonTest.CaptureClipViaSocket
/home/edwab/ws-camera-d/tests/test_daemon_integration.cpp:167: Skipped
Daemon failed to start
[  SKIPPED ] SharedDaemonTest.CaptureClipViaSocket (0 ms)
[ RUN      ] SharedDaemonTest.CaptureClipWithPostEvent
/home/edwab/ws-camera-d/tests/test_daemon_integration.cpp:167: Skipped
Daemon failed to start
[  SKIPPED ] SharedDaemonTest.CaptureClipWithPostEvent (0 ms)
[ RUN      ] SharedDaemonTest.GetStatusViaSocket
/home/edwab/ws-camera-d/tests/test_daemon_integration.cpp:167: Skipped
Daemon failed to start
[  SKIPPED ] SharedDaemonTest.GetStatusViaSocket (0 ms)
[ RUN      ] SharedDaemonTest.ConcurrentStillRequests
/home/edwab/ws-camera-d/tests/test_daemon_integration.cpp:167: Skipped
Daemon failed to start
[  SKIPPED ] SharedDaemonTest.ConcurrentStillRequests (0 ms)
[ RUN      ] SharedDaemonTest.ConcurrentMixedRequests
/home/edwab/ws-camera-d/tests/test_daemon_integration.cpp:167: Skipped
Daemon failed to start
[  SKIPPED ] SharedDaemonTest.ConcurrentMixedRequests (0 ms)
[ RUN      ] SharedDaemonTest.RapidStillCapture
/home/edwab/ws-camera-d/tests/test_daemon_integration.cpp:167: Skipped
Daemon failed to start
[  SKIPPED ] SharedDaemonTest.RapidStillCapture (0 ms)
[ RUN      ] SharedDaemonTest.LongRunningClientConnection
/home/edwab/ws-camera-d/tests/test_daemon_integration.cpp:167: Skipped
Daemon failed to start
[  SKIPPED ] SharedDaemonTest.LongRunningClientConnection (0 ms)
[----------] 11 tests from SharedDaemonTest (0 ms total)

[----------] Global test environment tear-down
[==========] 11 tests from 1 test suite ran. (172 ms total)
[  PASSED  ] 0 tests.
[  SKIPPED ] 11 tests, listed below:
[  SKIPPED ] SharedDaemonTest.ClientCanConnect
[  SKIPPED ] SharedDaemonTest.MultipleClientsCanConnect
[  SKIPPED ] SharedDaemonTest.CaptureStillViaSocket
[  SKIPPED ] SharedDaemonTest.CaptureStillWithTimeOffset
[  SKIPPED ] SharedDaemonTest.CaptureClipViaSocket
[  SKIPPED ] SharedDaemonTest.CaptureClipWithPostEvent
[  SKIPPED ] SharedDaemonTest.GetStatusViaSocket
[  SKIPPED ] SharedDaemonTest.ConcurrentStillRequests
[  SKIPPED ] SharedDaemonTest.ConcurrentMixedRequests
[  SKIPPED ] SharedDaemonTest.RapidStillCapture
[  SKIPPED ] SharedDaemonTest.LongRunningClientConnection
<end of output>
Test time =   0.22 sec
----------------------------------------------------------
Test Passed.
"DaemonIntegrationTests" end time: Feb 12 18:17 GMT
"DaemonIntegrationTests" time elapsed: 00:00:00
----------------------------------------------------------

End testing: Feb 12 18:17 GMT
